seed: 12345
Using cuda:0
Model Setting
    hidden dim: 64
    Using 1 layers GCN.
      gcn left = 1.000000
      gcn right = 0.000000
      Z = Z(1)
    Using 3 layers Rankformer:
      rankformer alpha = 2.000000
      rankformer tau = 0.400000
      rankformer clamp value = 0.000000
Train Setting
    learning rate: 0.100000
    reg_lambda: 0.000100
    loss batch size: 0
    max epochs: 2000
Test Setting
    topks:  [20]
    test batch size: 1000
    valid interval: 10
    stopping step: 20
Data Setting
    train: data/Yelp2018/train.txt
    valid: data/Yelp2018/valid.txt
    test: data/Yelp2018/test.txt
Experiment Setting
    |                   Ablation Study Setting                 |
    | Negative pairs | Benchmark | Offset | Normalize of Omega |
    |        Y       |     Y     |   Y    |          Y         |
---------------------------
167037 users, 79471 items.
train: 1379505, valid: 197072, test: 394144.
[0/2000] Valid Result: ndcg@20 = 0.000033, recall@20 = 0.000066, pre@20 = 0.000007, mrr@20 = 0.000037, map@20 = 0.000037.
######## new best ############
===== Test Result(at 0 epoch) =====
ndcg@20 = 0.000033, recall@20 = 0.000060, pre@20 = 0.000011, mrr@20 = 0.000058, map@20 = 0.000056.
epoch 1, train_loss = 0.692170.
epoch 2, train_loss = 0.684711.
epoch 3, train_loss = 0.635271.
epoch 4, train_loss = 0.524644.
epoch 5, train_loss = 0.387170.
epoch 6, train_loss = 0.278460.
epoch 7, train_loss = 0.211465.
epoch 8, train_loss = 0.173227.
epoch 9, train_loss = 0.151549.
epoch 10, train_loss = 0.140774.
[10/2000] Valid Result: ndcg@20 = 0.018108, recall@20 = 0.039172, pre@20 = 0.004059, mrr@20 = 0.016870, map@20 = 0.016339.
######## new best ############
===== Test Result(at 10 epoch) =====
ndcg@20 = 0.019983, recall@20 = 0.039224, pre@20 = 0.005849, mrr@20 = 0.023377, map@20 = 0.022187.
epoch 11, train_loss = 0.134685.
epoch 12, train_loss = 0.131445.
epoch 13, train_loss = 0.129918.
epoch 14, train_loss = 0.131084.
epoch 15, train_loss = 0.131110.
epoch 16, train_loss = 0.132202.
epoch 17, train_loss = 0.130648.
epoch 18, train_loss = 0.129504.
epoch 19, train_loss = 0.129325.
epoch 20, train_loss = 0.125399.
[20/2000] Valid Result: ndcg@20 = 0.020495, recall@20 = 0.044608, pre@20 = 0.004577, mrr@20 = 0.018959, map@20 = 0.018497.
######## new best ############
===== Test Result(at 20 epoch) =====
ndcg@20 = 0.022325, recall@20 = 0.043979, pre@20 = 0.006491, mrr@20 = 0.025925, map@20 = 0.024640.
epoch 21, train_loss = 0.122986.
epoch 22, train_loss = 0.119181.
epoch 23, train_loss = 0.114833.
epoch 24, train_loss = 0.110630.
epoch 25, train_loss = 0.107480.
epoch 26, train_loss = 0.103804.
epoch 27, train_loss = 0.100590.
epoch 28, train_loss = 0.096385.
epoch 29, train_loss = 0.093153.
epoch 30, train_loss = 0.090091.
[30/2000] Valid Result: ndcg@20 = 0.022324, recall@20 = 0.048955, pre@20 = 0.005033, mrr@20 = 0.020691, map@20 = 0.020157.
######## new best ############
===== Test Result(at 30 epoch) =====
ndcg@20 = 0.024780, recall@20 = 0.048669, pre@20 = 0.007206, mrr@20 = 0.029087, map@20 = 0.027606.
epoch 31, train_loss = 0.087065.
epoch 32, train_loss = 0.084636.
epoch 33, train_loss = 0.082424.
epoch 34, train_loss = 0.081048.
epoch 35, train_loss = 0.079850.
epoch 36, train_loss = 0.078668.
epoch 37, train_loss = 0.077053.
epoch 38, train_loss = 0.076318.
epoch 39, train_loss = 0.075443.
epoch 40, train_loss = 0.074196.
[40/2000] Valid Result: ndcg@20 = 0.022817, recall@20 = 0.049835, pre@20 = 0.005084, mrr@20 = 0.021308, map@20 = 0.020722.
######## new best ############
===== Test Result(at 40 epoch) =====
ndcg@20 = 0.025843, recall@20 = 0.050730, pre@20 = 0.007461, mrr@20 = 0.030687, map@20 = 0.029176.
epoch 41, train_loss = 0.073168.
epoch 42, train_loss = 0.072395.
epoch 43, train_loss = 0.070827.
epoch 44, train_loss = 0.070397.
epoch 45, train_loss = 0.068722.
epoch 46, train_loss = 0.068010.
epoch 47, train_loss = 0.067001.
epoch 48, train_loss = 0.066029.
epoch 49, train_loss = 0.065944.
epoch 50, train_loss = 0.064442.
[50/2000] Valid Result: ndcg@20 = 0.025774, recall@20 = 0.055894, pre@20 = 0.005645, mrr@20 = 0.024114, map@20 = 0.023418.
######## new best ############
===== Test Result(at 50 epoch) =====
ndcg@20 = 0.029097, recall@20 = 0.056758, pre@20 = 0.008269, mrr@20 = 0.034248, map@20 = 0.032568.
epoch 51, train_loss = 0.063621.
epoch 52, train_loss = 0.063037.
epoch 53, train_loss = 0.062471.
epoch 54, train_loss = 0.061347.
epoch 55, train_loss = 0.060084.
epoch 56, train_loss = 0.059717.
epoch 57, train_loss = 0.059555.
epoch 58, train_loss = 0.058595.
epoch 59, train_loss = 0.058132.
epoch 60, train_loss = 0.057537.
[60/2000] Valid Result: ndcg@20 = 0.027772, recall@20 = 0.059970, pre@20 = 0.006044, mrr@20 = 0.026082, map@20 = 0.025267.
######## new best ############
===== Test Result(at 60 epoch) =====
ndcg@20 = 0.031179, recall@20 = 0.060236, pre@20 = 0.008766, mrr@20 = 0.037034, map@20 = 0.035078.
epoch 61, train_loss = 0.056905.
epoch 62, train_loss = 0.056473.
epoch 63, train_loss = 0.055772.
epoch 64, train_loss = 0.055289.
epoch 65, train_loss = 0.054874.
epoch 66, train_loss = 0.054419.
epoch 67, train_loss = 0.053718.
epoch 68, train_loss = 0.053726.
epoch 69, train_loss = 0.053039.
epoch 70, train_loss = 0.052901.
[70/2000] Valid Result: ndcg@20 = 0.028749, recall@20 = 0.062083, pre@20 = 0.006245, mrr@20 = 0.027029, map@20 = 0.026165.
######## new best ############
===== Test Result(at 70 epoch) =====
ndcg@20 = 0.032132, recall@20 = 0.061940, pre@20 = 0.009039, mrr@20 = 0.038218, map@20 = 0.036211.
epoch 71, train_loss = 0.052559.
epoch 72, train_loss = 0.051959.
epoch 73, train_loss = 0.051644.
epoch 74, train_loss = 0.051564.
epoch 75, train_loss = 0.050942.
epoch 76, train_loss = 0.050617.
epoch 77, train_loss = 0.050299.
epoch 78, train_loss = 0.050159.
epoch 79, train_loss = 0.049514.
epoch 80, train_loss = 0.049242.
[80/2000] Valid Result: ndcg@20 = 0.029755, recall@20 = 0.063986, pre@20 = 0.006461, mrr@20 = 0.027961, map@20 = 0.027124.
######## new best ############
===== Test Result(at 80 epoch) =====
ndcg@20 = 0.033260, recall@20 = 0.064205, pre@20 = 0.009332, mrr@20 = 0.039373, map@20 = 0.037266.
epoch 81, train_loss = 0.049542.
epoch 82, train_loss = 0.048634.
epoch 83, train_loss = 0.048907.
epoch 84, train_loss = 0.048290.
epoch 85, train_loss = 0.048230.
epoch 86, train_loss = 0.047506.
epoch 87, train_loss = 0.047562.
epoch 88, train_loss = 0.047139.
epoch 89, train_loss = 0.047028.
epoch 90, train_loss = 0.046780.
[90/2000] Valid Result: ndcg@20 = 0.030962, recall@20 = 0.066190, pre@20 = 0.006668, mrr@20 = 0.029204, map@20 = 0.028300.
######## new best ############
===== Test Result(at 90 epoch) =====
ndcg@20 = 0.034591, recall@20 = 0.066374, pre@20 = 0.009630, mrr@20 = 0.041109, map@20 = 0.038925.
epoch 91, train_loss = 0.046346.
epoch 92, train_loss = 0.046718.
epoch 93, train_loss = 0.046120.
epoch 94, train_loss = 0.046358.
epoch 95, train_loss = 0.045930.
epoch 96, train_loss = 0.045333.
epoch 97, train_loss = 0.045283.
epoch 98, train_loss = 0.045132.
epoch 99, train_loss = 0.044704.
epoch 100, train_loss = 0.044702.
[100/2000] Valid Result: ndcg@20 = 0.031878, recall@20 = 0.067327, pre@20 = 0.006802, mrr@20 = 0.030422, map@20 = 0.029375.
######## new best ############
===== Test Result(at 100 epoch) =====
ndcg@20 = 0.035646, recall@20 = 0.067888, pre@20 = 0.009884, mrr@20 = 0.042647, map@20 = 0.040287.
epoch 101, train_loss = 0.044132.
epoch 102, train_loss = 0.044195.
epoch 103, train_loss = 0.044061.
epoch 104, train_loss = 0.043826.
epoch 105, train_loss = 0.044011.
epoch 106, train_loss = 0.043702.
epoch 107, train_loss = 0.043208.
epoch 108, train_loss = 0.043176.
epoch 109, train_loss = 0.043033.
epoch 110, train_loss = 0.042839.
[110/2000] Valid Result: ndcg@20 = 0.032672, recall@20 = 0.068607, pre@20 = 0.006943, mrr@20 = 0.031340, map@20 = 0.030298.
######## new best ############
===== Test Result(at 110 epoch) =====
ndcg@20 = 0.036479, recall@20 = 0.069417, pre@20 = 0.010120, mrr@20 = 0.043595, map@20 = 0.041121.
epoch 111, train_loss = 0.042790.
epoch 112, train_loss = 0.042706.
epoch 113, train_loss = 0.042411.
epoch 114, train_loss = 0.042180.
epoch 115, train_loss = 0.042001.
epoch 116, train_loss = 0.041851.
epoch 117, train_loss = 0.041985.
epoch 118, train_loss = 0.041660.
epoch 119, train_loss = 0.041623.
epoch 120, train_loss = 0.041594.
[120/2000] Valid Result: ndcg@20 = 0.033111, recall@20 = 0.069409, pre@20 = 0.007039, mrr@20 = 0.031849, map@20 = 0.030817.
######## new best ############
===== Test Result(at 120 epoch) =====
ndcg@20 = 0.037134, recall@20 = 0.070559, pre@20 = 0.010274, mrr@20 = 0.044345, map@20 = 0.041785.
epoch 121, train_loss = 0.041236.
epoch 122, train_loss = 0.041422.
epoch 123, train_loss = 0.041022.
epoch 124, train_loss = 0.040833.
epoch 125, train_loss = 0.040794.
epoch 126, train_loss = 0.040752.
epoch 127, train_loss = 0.040478.
epoch 128, train_loss = 0.040493.
epoch 129, train_loss = 0.040189.
epoch 130, train_loss = 0.040272.
[130/2000] Valid Result: ndcg@20 = 0.033496, recall@20 = 0.070403, pre@20 = 0.007136, mrr@20 = 0.032179, map@20 = 0.031082.
######## new best ############
===== Test Result(at 130 epoch) =====
ndcg@20 = 0.037733, recall@20 = 0.071581, pre@20 = 0.010405, mrr@20 = 0.045012, map@20 = 0.042415.
epoch 131, train_loss = 0.040185.
epoch 132, train_loss = 0.039689.
epoch 133, train_loss = 0.039975.
epoch 134, train_loss = 0.039640.
epoch 135, train_loss = 0.039540.
epoch 136, train_loss = 0.039480.
epoch 137, train_loss = 0.039539.
epoch 138, train_loss = 0.039232.
epoch 139, train_loss = 0.039023.
epoch 140, train_loss = 0.039073.
[140/2000] Valid Result: ndcg@20 = 0.033976, recall@20 = 0.071236, pre@20 = 0.007228, mrr@20 = 0.032690, map@20 = 0.031560.
######## new best ############
===== Test Result(at 140 epoch) =====
ndcg@20 = 0.038317, recall@20 = 0.072822, pre@20 = 0.010584, mrr@20 = 0.045564, map@20 = 0.042832.
epoch 141, train_loss = 0.038875.
epoch 142, train_loss = 0.038826.
epoch 143, train_loss = 0.038675.
epoch 144, train_loss = 0.038698.
epoch 145, train_loss = 0.038502.
epoch 146, train_loss = 0.038421.
epoch 147, train_loss = 0.038222.
epoch 148, train_loss = 0.038437.
epoch 149, train_loss = 0.038191.
epoch 150, train_loss = 0.038352.
[150/2000] Valid Result: ndcg@20 = 0.034487, recall@20 = 0.072505, pre@20 = 0.007345, mrr@20 = 0.033169, map@20 = 0.031970.
######## new best ############
===== Test Result(at 150 epoch) =====
ndcg@20 = 0.038928, recall@20 = 0.074197, pre@20 = 0.010757, mrr@20 = 0.046138, map@20 = 0.043383.
epoch 151, train_loss = 0.038105.
epoch 152, train_loss = 0.037861.
epoch 153, train_loss = 0.037714.
epoch 154, train_loss = 0.037761.
epoch 155, train_loss = 0.037597.
epoch 156, train_loss = 0.037588.
epoch 157, train_loss = 0.037758.
epoch 158, train_loss = 0.037356.
epoch 159, train_loss = 0.037549.
epoch 160, train_loss = 0.037466.
[160/2000] Valid Result: ndcg@20 = 0.034885, recall@20 = 0.072775, pre@20 = 0.007396, mrr@20 = 0.033677, map@20 = 0.032433.
######## new best ############
===== Test Result(at 160 epoch) =====
ndcg@20 = 0.039357, recall@20 = 0.074710, pre@20 = 0.010875, mrr@20 = 0.046751, map@20 = 0.043940.
epoch 161, train_loss = 0.037211.
epoch 162, train_loss = 0.037031.
epoch 163, train_loss = 0.036972.
epoch 164, train_loss = 0.037225.
epoch 165, train_loss = 0.036884.
epoch 166, train_loss = 0.036939.
epoch 167, train_loss = 0.036507.
epoch 168, train_loss = 0.036765.
epoch 169, train_loss = 0.036783.
epoch 170, train_loss = 0.036860.
[170/2000] Valid Result: ndcg@20 = 0.035383, recall@20 = 0.073914, pre@20 = 0.007502, mrr@20 = 0.034084, map@20 = 0.032842.
######## new best ############
===== Test Result(at 170 epoch) =====
ndcg@20 = 0.039861, recall@20 = 0.075537, pre@20 = 0.010980, mrr@20 = 0.047330, map@20 = 0.044491.
epoch 171, train_loss = 0.036584.
epoch 172, train_loss = 0.036552.
epoch 173, train_loss = 0.036602.
epoch 174, train_loss = 0.036117.
epoch 175, train_loss = 0.036258.
epoch 176, train_loss = 0.036370.
epoch 177, train_loss = 0.036198.
epoch 178, train_loss = 0.035974.
epoch 179, train_loss = 0.035908.
epoch 180, train_loss = 0.035834.
[180/2000] Valid Result: ndcg@20 = 0.035793, recall@20 = 0.074880, pre@20 = 0.007600, mrr@20 = 0.034435, map@20 = 0.033167.
######## new best ############
===== Test Result(at 180 epoch) =====
ndcg@20 = 0.040249, recall@20 = 0.076212, pre@20 = 0.011095, mrr@20 = 0.047796, map@20 = 0.045002.
epoch 181, train_loss = 0.035762.
epoch 182, train_loss = 0.035852.
epoch 183, train_loss = 0.035648.
epoch 184, train_loss = 0.035802.
epoch 185, train_loss = 0.035414.
epoch 186, train_loss = 0.035565.
epoch 187, train_loss = 0.035502.
epoch 188, train_loss = 0.035606.
epoch 189, train_loss = 0.035424.
epoch 190, train_loss = 0.035222.
[190/2000] Valid Result: ndcg@20 = 0.036178, recall@20 = 0.075893, pre@20 = 0.007688, mrr@20 = 0.034752, map@20 = 0.033502.
######## new best ############
===== Test Result(at 190 epoch) =====
ndcg@20 = 0.040560, recall@20 = 0.076760, pre@20 = 0.011176, mrr@20 = 0.048212, map@20 = 0.045355.
epoch 191, train_loss = 0.035359.
epoch 192, train_loss = 0.035392.
epoch 193, train_loss = 0.035255.
epoch 194, train_loss = 0.034991.
epoch 195, train_loss = 0.034949.
epoch 196, train_loss = 0.034873.
epoch 197, train_loss = 0.034736.
epoch 198, train_loss = 0.034825.
epoch 199, train_loss = 0.035017.
epoch 200, train_loss = 0.034926.
[200/2000] Valid Result: ndcg@20 = 0.036445, recall@20 = 0.076125, pre@20 = 0.007736, mrr@20 = 0.035178, map@20 = 0.033888.
######## new best ############
===== Test Result(at 200 epoch) =====
ndcg@20 = 0.041010, recall@20 = 0.077404, pre@20 = 0.011277, mrr@20 = 0.048977, map@20 = 0.046032.
epoch 201, train_loss = 0.034997.
epoch 202, train_loss = 0.034840.
epoch 203, train_loss = 0.034784.
epoch 204, train_loss = 0.034595.
epoch 205, train_loss = 0.034706.
epoch 206, train_loss = 0.034652.
epoch 207, train_loss = 0.034542.
epoch 208, train_loss = 0.034389.
epoch 209, train_loss = 0.034463.
epoch 210, train_loss = 0.034416.
[210/2000] Valid Result: ndcg@20 = 0.036727, recall@20 = 0.076366, pre@20 = 0.007772, mrr@20 = 0.035696, map@20 = 0.034376.
######## new best ############
===== Test Result(at 210 epoch) =====
ndcg@20 = 0.041363, recall@20 = 0.078021, pre@20 = 0.011382, mrr@20 = 0.049370, map@20 = 0.046281.
epoch 211, train_loss = 0.034335.
epoch 212, train_loss = 0.034186.
epoch 213, train_loss = 0.034143.
epoch 214, train_loss = 0.034165.
epoch 215, train_loss = 0.034156.
epoch 216, train_loss = 0.034123.
epoch 217, train_loss = 0.034128.
epoch 218, train_loss = 0.034035.
epoch 219, train_loss = 0.033916.
epoch 220, train_loss = 0.033993.
[220/2000] Valid Result: ndcg@20 = 0.036977, recall@20 = 0.076844, pre@20 = 0.007830, mrr@20 = 0.035891, map@20 = 0.034570.
######## new best ############
===== Test Result(at 220 epoch) =====
ndcg@20 = 0.041675, recall@20 = 0.078655, pre@20 = 0.011503, mrr@20 = 0.049666, map@20 = 0.046506.
epoch 221, train_loss = 0.033963.
epoch 222, train_loss = 0.033724.
epoch 223, train_loss = 0.033930.
epoch 224, train_loss = 0.033987.
epoch 225, train_loss = 0.033698.
epoch 226, train_loss = 0.033862.
epoch 227, train_loss = 0.033684.
epoch 228, train_loss = 0.033858.
epoch 229, train_loss = 0.033668.
epoch 230, train_loss = 0.033605.
[230/2000] Valid Result: ndcg@20 = 0.037160, recall@20 = 0.077019, pre@20 = 0.007881, mrr@20 = 0.036132, map@20 = 0.034692.
######## new best ############
===== Test Result(at 230 epoch) =====
ndcg@20 = 0.042030, recall@20 = 0.079315, pre@20 = 0.011599, mrr@20 = 0.050134, map@20 = 0.046911.
epoch 231, train_loss = 0.033411.
epoch 232, train_loss = 0.033698.
epoch 233, train_loss = 0.033382.
epoch 234, train_loss = 0.033285.
epoch 235, train_loss = 0.033476.
epoch 236, train_loss = 0.033437.
epoch 237, train_loss = 0.033558.
epoch 238, train_loss = 0.033330.
epoch 239, train_loss = 0.033447.
epoch 240, train_loss = 0.033296.
[240/2000] Valid Result: ndcg@20 = 0.037360, recall@20 = 0.077257, pre@20 = 0.007917, mrr@20 = 0.036381, map@20 = 0.034933.
######## new best ############
===== Test Result(at 240 epoch) =====
ndcg@20 = 0.042207, recall@20 = 0.079621, pre@20 = 0.011634, mrr@20 = 0.050277, map@20 = 0.047068.
epoch 241, train_loss = 0.033412.
epoch 242, train_loss = 0.033169.
epoch 243, train_loss = 0.033205.
epoch 244, train_loss = 0.033121.
epoch 245, train_loss = 0.033121.
epoch 246, train_loss = 0.033068.
epoch 247, train_loss = 0.033011.
epoch 248, train_loss = 0.033042.
epoch 249, train_loss = 0.033066.
epoch 250, train_loss = 0.032658.
[250/2000] Valid Result: ndcg@20 = 0.037692, recall@20 = 0.077956, pre@20 = 0.007985, mrr@20 = 0.036676, map@20 = 0.035177.
######## new best ############
===== Test Result(at 250 epoch) =====
ndcg@20 = 0.042388, recall@20 = 0.079725, pre@20 = 0.011646, mrr@20 = 0.050659, map@20 = 0.047413.
epoch 251, train_loss = 0.032888.
epoch 252, train_loss = 0.032835.
epoch 253, train_loss = 0.032791.
epoch 254, train_loss = 0.032911.
epoch 255, train_loss = 0.032896.
epoch 256, train_loss = 0.032881.
epoch 257, train_loss = 0.032750.
epoch 258, train_loss = 0.032631.
epoch 259, train_loss = 0.032857.
epoch 260, train_loss = 0.032662.
[260/2000] Valid Result: ndcg@20 = 0.037889, recall@20 = 0.078325, pre@20 = 0.008028, mrr@20 = 0.036814, map@20 = 0.035358.
######## new best ############
===== Test Result(at 260 epoch) =====
ndcg@20 = 0.042499, recall@20 = 0.079735, pre@20 = 0.011688, mrr@20 = 0.050852, map@20 = 0.047536.
epoch 261, train_loss = 0.032505.
epoch 262, train_loss = 0.032582.
epoch 263, train_loss = 0.032666.
epoch 264, train_loss = 0.032570.
epoch 265, train_loss = 0.032481.
epoch 266, train_loss = 0.032545.
epoch 267, train_loss = 0.032355.
epoch 268, train_loss = 0.032444.
epoch 269, train_loss = 0.032471.
epoch 270, train_loss = 0.032367.
[270/2000] Valid Result: ndcg@20 = 0.038287, recall@20 = 0.078902, pre@20 = 0.008096, mrr@20 = 0.037265, map@20 = 0.035782.
######## new best ############
===== Test Result(at 270 epoch) =====
ndcg@20 = 0.042795, recall@20 = 0.080344, pre@20 = 0.011766, mrr@20 = 0.051173, map@20 = 0.047774.
epoch 271, train_loss = 0.032259.
epoch 272, train_loss = 0.032413.
epoch 273, train_loss = 0.032131.
epoch 274, train_loss = 0.032278.
epoch 275, train_loss = 0.032265.
epoch 276, train_loss = 0.032217.
epoch 277, train_loss = 0.032308.
epoch 278, train_loss = 0.032212.
epoch 279, train_loss = 0.032219.
epoch 280, train_loss = 0.032171.
[280/2000] Valid Result: ndcg@20 = 0.038569, recall@20 = 0.079530, pre@20 = 0.008156, mrr@20 = 0.037447, map@20 = 0.036011.
######## new best ############
===== Test Result(at 280 epoch) =====
ndcg@20 = 0.043029, recall@20 = 0.080642, pre@20 = 0.011841, mrr@20 = 0.051597, map@20 = 0.048103.
epoch 281, train_loss = 0.032176.
epoch 282, train_loss = 0.032230.
epoch 283, train_loss = 0.031959.
epoch 284, train_loss = 0.032287.
epoch 285, train_loss = 0.031862.
epoch 286, train_loss = 0.032181.
epoch 287, train_loss = 0.032084.
epoch 288, train_loss = 0.032081.
epoch 289, train_loss = 0.032024.
epoch 290, train_loss = 0.031816.
[290/2000] Valid Result: ndcg@20 = 0.038579, recall@20 = 0.079519, pre@20 = 0.008146, mrr@20 = 0.037512, map@20 = 0.036080.
######## new best ############
===== Test Result(at 290 epoch) =====
ndcg@20 = 0.043315, recall@20 = 0.081088, pre@20 = 0.011908, mrr@20 = 0.051952, map@20 = 0.048469.
epoch 291, train_loss = 0.031882.
epoch 292, train_loss = 0.032221.
epoch 293, train_loss = 0.032072.
epoch 294, train_loss = 0.031678.
epoch 295, train_loss = 0.031865.
epoch 296, train_loss = 0.031966.
epoch 297, train_loss = 0.031902.
epoch 298, train_loss = 0.031832.
epoch 299, train_loss = 0.031789.
epoch 300, train_loss = 0.031736.
[300/2000] Valid Result: ndcg@20 = 0.038711, recall@20 = 0.079871, pre@20 = 0.008187, mrr@20 = 0.037569, map@20 = 0.036145.
######## new best ############
===== Test Result(at 300 epoch) =====
ndcg@20 = 0.043377, recall@20 = 0.081107, pre@20 = 0.011908, mrr@20 = 0.052095, map@20 = 0.048595.
epoch 301, train_loss = 0.031837.
epoch 302, train_loss = 0.031880.
epoch 303, train_loss = 0.031654.
epoch 304, train_loss = 0.031558.
epoch 305, train_loss = 0.031639.
epoch 306, train_loss = 0.031650.
epoch 307, train_loss = 0.031582.
epoch 308, train_loss = 0.031564.
epoch 309, train_loss = 0.031650.
epoch 310, train_loss = 0.031437.
[310/2000] Valid Result: ndcg@20 = 0.038935, recall@20 = 0.080139, pre@20 = 0.008212, mrr@20 = 0.037883, map@20 = 0.036457.
######## new best ############
===== Test Result(at 310 epoch) =====
ndcg@20 = 0.043521, recall@20 = 0.081402, pre@20 = 0.011964, mrr@20 = 0.052329, map@20 = 0.048765.
epoch 311, train_loss = 0.031663.
epoch 312, train_loss = 0.031650.
epoch 313, train_loss = 0.031494.
epoch 314, train_loss = 0.031564.
epoch 315, train_loss = 0.031493.
epoch 316, train_loss = 0.031406.
epoch 317, train_loss = 0.031478.
epoch 318, train_loss = 0.031613.
epoch 319, train_loss = 0.031271.
epoch 320, train_loss = 0.031346.
[320/2000] Valid Result: ndcg@20 = 0.039002, recall@20 = 0.080253, pre@20 = 0.008234, mrr@20 = 0.038021, map@20 = 0.036534.
######## new best ############
===== Test Result(at 320 epoch) =====
ndcg@20 = 0.043635, recall@20 = 0.081719, pre@20 = 0.011998, mrr@20 = 0.052402, map@20 = 0.048798.
epoch 321, train_loss = 0.031344.
epoch 322, train_loss = 0.031539.
epoch 323, train_loss = 0.031372.
epoch 324, train_loss = 0.031406.
epoch 325, train_loss = 0.031296.
epoch 326, train_loss = 0.031359.
epoch 327, train_loss = 0.031052.
epoch 328, train_loss = 0.031394.
epoch 329, train_loss = 0.031204.
epoch 330, train_loss = 0.031231.
[330/2000] Valid Result: ndcg@20 = 0.039128, recall@20 = 0.080379, pre@20 = 0.008250, mrr@20 = 0.038224, map@20 = 0.036765.
######## new best ############
===== Test Result(at 330 epoch) =====
ndcg@20 = 0.043706, recall@20 = 0.081848, pre@20 = 0.012031, mrr@20 = 0.052514, map@20 = 0.048888.
epoch 331, train_loss = 0.031388.
epoch 332, train_loss = 0.030984.
epoch 333, train_loss = 0.031321.
epoch 334, train_loss = 0.031151.
epoch 335, train_loss = 0.031327.
epoch 336, train_loss = 0.031055.
epoch 337, train_loss = 0.031110.
epoch 338, train_loss = 0.031075.
epoch 339, train_loss = 0.031132.
epoch 340, train_loss = 0.030985.
[340/2000] Valid Result: ndcg@20 = 0.039290, recall@20 = 0.080553, pre@20 = 0.008268, mrr@20 = 0.038357, map@20 = 0.036950.
######## new best ############
===== Test Result(at 340 epoch) =====
ndcg@20 = 0.043897, recall@20 = 0.082123, pre@20 = 0.012053, mrr@20 = 0.052722, map@20 = 0.049079.
epoch 341, train_loss = 0.031095.
epoch 342, train_loss = 0.031090.
epoch 343, train_loss = 0.031173.
epoch 344, train_loss = 0.030806.
epoch 345, train_loss = 0.031010.
epoch 346, train_loss = 0.031084.
epoch 347, train_loss = 0.030926.
epoch 348, train_loss = 0.030908.
epoch 349, train_loss = 0.030901.
epoch 350, train_loss = 0.030994.
[350/2000] Valid Result: ndcg@20 = 0.039341, recall@20 = 0.080651, pre@20 = 0.008274, mrr@20 = 0.038405, map@20 = 0.036942.
######## new best ############
===== Test Result(at 350 epoch) =====
ndcg@20 = 0.044110, recall@20 = 0.082572, pre@20 = 0.012119, mrr@20 = 0.052934, map@20 = 0.049197.
epoch 351, train_loss = 0.031123.
epoch 352, train_loss = 0.030849.
epoch 353, train_loss = 0.030974.
epoch 354, train_loss = 0.030963.
epoch 355, train_loss = 0.030777.
epoch 356, train_loss = 0.030799.
epoch 357, train_loss = 0.030851.
epoch 358, train_loss = 0.030848.
epoch 359, train_loss = 0.030985.
epoch 360, train_loss = 0.030797.
[360/2000] Valid Result: ndcg@20 = 0.039483, recall@20 = 0.081127, pre@20 = 0.008298, mrr@20 = 0.038464, map@20 = 0.037045.
######## new best ############
===== Test Result(at 360 epoch) =====
ndcg@20 = 0.044138, recall@20 = 0.082533, pre@20 = 0.012133, mrr@20 = 0.053019, map@20 = 0.049262.
epoch 361, train_loss = 0.030708.
epoch 362, train_loss = 0.030820.
epoch 363, train_loss = 0.030684.
epoch 364, train_loss = 0.031143.
epoch 365, train_loss = 0.030751.
epoch 366, train_loss = 0.030715.
epoch 367, train_loss = 0.030657.
epoch 368, train_loss = 0.030604.
epoch 369, train_loss = 0.030816.
epoch 370, train_loss = 0.030670.
[370/2000] Valid Result: ndcg@20 = 0.039634, recall@20 = 0.081368, pre@20 = 0.008318, mrr@20 = 0.038586, map@20 = 0.037194.
######## new best ############
===== Test Result(at 370 epoch) =====
ndcg@20 = 0.044274, recall@20 = 0.082661, pre@20 = 0.012130, mrr@20 = 0.053150, map@20 = 0.049481.
epoch 371, train_loss = 0.030807.
epoch 372, train_loss = 0.030699.
epoch 373, train_loss = 0.030617.
epoch 374, train_loss = 0.030731.
epoch 375, train_loss = 0.030667.
epoch 376, train_loss = 0.030754.
epoch 377, train_loss = 0.030712.
epoch 378, train_loss = 0.030749.
epoch 379, train_loss = 0.030682.
epoch 380, train_loss = 0.030584.
[380/2000] Valid Result: ndcg@20 = 0.039799, recall@20 = 0.081353, pre@20 = 0.008337, mrr@20 = 0.038879, map@20 = 0.037444.
######## new best ############
===== Test Result(at 380 epoch) =====
ndcg@20 = 0.044310, recall@20 = 0.082872, pre@20 = 0.012153, mrr@20 = 0.053253, map@20 = 0.049570.
epoch 381, train_loss = 0.030717.
epoch 382, train_loss = 0.030517.
epoch 383, train_loss = 0.030482.
epoch 384, train_loss = 0.030688.
epoch 385, train_loss = 0.030682.
epoch 386, train_loss = 0.030528.
epoch 387, train_loss = 0.030677.
epoch 388, train_loss = 0.030619.
epoch 389, train_loss = 0.030562.
epoch 390, train_loss = 0.030642.
[390/2000] Valid Result: ndcg@20 = 0.039952, recall@20 = 0.081830, pre@20 = 0.008412, mrr@20 = 0.038949, map@20 = 0.037518.
######## new best ############
===== Test Result(at 390 epoch) =====
ndcg@20 = 0.044547, recall@20 = 0.083263, pre@20 = 0.012212, mrr@20 = 0.053526, map@20 = 0.049785.
epoch 391, train_loss = 0.030541.
epoch 392, train_loss = 0.030523.
epoch 393, train_loss = 0.030417.
epoch 394, train_loss = 0.030372.
epoch 395, train_loss = 0.030355.
epoch 396, train_loss = 0.030557.
epoch 397, train_loss = 0.030503.
epoch 398, train_loss = 0.030445.
epoch 399, train_loss = 0.030433.
epoch 400, train_loss = 0.030427.
[400/2000] Valid Result: ndcg@20 = 0.040025, recall@20 = 0.082013, pre@20 = 0.008429, mrr@20 = 0.039012, map@20 = 0.037617.
######## new best ############
===== Test Result(at 400 epoch) =====
ndcg@20 = 0.044596, recall@20 = 0.083105, pre@20 = 0.012208, mrr@20 = 0.053697, map@20 = 0.049975.
epoch 401, train_loss = 0.030207.
epoch 402, train_loss = 0.030250.
epoch 403, train_loss = 0.030531.
epoch 404, train_loss = 0.030199.
epoch 405, train_loss = 0.030252.
epoch 406, train_loss = 0.030246.
epoch 407, train_loss = 0.030224.
epoch 408, train_loss = 0.030338.
epoch 409, train_loss = 0.030250.
epoch 410, train_loss = 0.030369.
[410/2000] Valid Result: ndcg@20 = 0.040172, recall@20 = 0.082465, pre@20 = 0.008475, mrr@20 = 0.039077, map@20 = 0.037659.
######## new best ############
===== Test Result(at 410 epoch) =====
ndcg@20 = 0.044613, recall@20 = 0.083360, pre@20 = 0.012230, mrr@20 = 0.053642, map@20 = 0.049950.
epoch 411, train_loss = 0.030348.
epoch 412, train_loss = 0.030175.
epoch 413, train_loss = 0.030145.
epoch 414, train_loss = 0.030264.
epoch 415, train_loss = 0.030207.
epoch 416, train_loss = 0.030168.
epoch 417, train_loss = 0.030223.
epoch 418, train_loss = 0.030203.
epoch 419, train_loss = 0.030280.
epoch 420, train_loss = 0.030083.
[420/2000] Valid Result: ndcg@20 = 0.040175, recall@20 = 0.082302, pre@20 = 0.008439, mrr@20 = 0.039278, map@20 = 0.037848.
######## new best ############
===== Test Result(at 420 epoch) =====
ndcg@20 = 0.044817, recall@20 = 0.083695, pre@20 = 0.012292, mrr@20 = 0.053853, map@20 = 0.050097.
epoch 421, train_loss = 0.030213.
epoch 422, train_loss = 0.030147.
epoch 423, train_loss = 0.030268.
epoch 424, train_loss = 0.030176.
epoch 425, train_loss = 0.030096.
epoch 426, train_loss = 0.029999.
epoch 427, train_loss = 0.030260.
epoch 428, train_loss = 0.030186.
epoch 429, train_loss = 0.030116.
epoch 430, train_loss = 0.030201.
[430/2000] Valid Result: ndcg@20 = 0.040190, recall@20 = 0.082269, pre@20 = 0.008461, mrr@20 = 0.039287, map@20 = 0.037791.
######## new best ############
===== Test Result(at 430 epoch) =====
ndcg@20 = 0.044888, recall@20 = 0.083692, pre@20 = 0.012314, mrr@20 = 0.054027, map@20 = 0.050212.
epoch 431, train_loss = 0.030148.
epoch 432, train_loss = 0.029964.
epoch 433, train_loss = 0.030236.
epoch 434, train_loss = 0.030081.
epoch 435, train_loss = 0.030125.
epoch 436, train_loss = 0.030087.
epoch 437, train_loss = 0.030212.
epoch 438, train_loss = 0.030025.
epoch 439, train_loss = 0.029997.
epoch 440, train_loss = 0.030077.
[440/2000] Valid Result: ndcg@20 = 0.040318, recall@20 = 0.082726, pre@20 = 0.008495, mrr@20 = 0.039301, map@20 = 0.037798.
######## new best ############
===== Test Result(at 440 epoch) =====
ndcg@20 = 0.044958, recall@20 = 0.083820, pre@20 = 0.012324, mrr@20 = 0.054136, map@20 = 0.050312.
epoch 441, train_loss = 0.029888.
epoch 442, train_loss = 0.030148.
epoch 443, train_loss = 0.029967.
epoch 444, train_loss = 0.030045.
epoch 445, train_loss = 0.029953.
epoch 446, train_loss = 0.029937.
epoch 447, train_loss = 0.030022.
epoch 448, train_loss = 0.029968.
epoch 449, train_loss = 0.030024.
epoch 450, train_loss = 0.030073.
[450/2000] Valid Result: ndcg@20 = 0.040437, recall@20 = 0.083028, pre@20 = 0.008514, mrr@20 = 0.039395, map@20 = 0.037875.
######## new best ############
===== Test Result(at 450 epoch) =====
ndcg@20 = 0.045047, recall@20 = 0.083770, pre@20 = 0.012348, mrr@20 = 0.054360, map@20 = 0.050522.
epoch 451, train_loss = 0.030048.
epoch 452, train_loss = 0.029985.
epoch 453, train_loss = 0.030010.
epoch 454, train_loss = 0.029890.
epoch 455, train_loss = 0.029994.
epoch 456, train_loss = 0.029905.
epoch 457, train_loss = 0.030029.
epoch 458, train_loss = 0.029859.
epoch 459, train_loss = 0.029845.
epoch 460, train_loss = 0.029921.
[460/2000] Valid Result: ndcg@20 = 0.040516, recall@20 = 0.083175, pre@20 = 0.008535, mrr@20 = 0.039478, map@20 = 0.037960.
######## new best ############
===== Test Result(at 460 epoch) =====
ndcg@20 = 0.045207, recall@20 = 0.084118, pre@20 = 0.012366, mrr@20 = 0.054555, map@20 = 0.050626.
epoch 461, train_loss = 0.030131.
epoch 462, train_loss = 0.029973.
epoch 463, train_loss = 0.029922.
epoch 464, train_loss = 0.029959.
epoch 465, train_loss = 0.029897.
epoch 466, train_loss = 0.029742.
epoch 467, train_loss = 0.029899.
epoch 468, train_loss = 0.029941.
epoch 469, train_loss = 0.030030.
epoch 470, train_loss = 0.029940.
[470/2000] Valid Result: ndcg@20 = 0.040396, recall@20 = 0.082910, pre@20 = 0.008524, mrr@20 = 0.039320, map@20 = 0.037820.
epoch 471, train_loss = 0.029929.
epoch 472, train_loss = 0.029819.
epoch 473, train_loss = 0.029897.
epoch 474, train_loss = 0.029838.
epoch 475, train_loss = 0.029882.
epoch 476, train_loss = 0.029764.
epoch 477, train_loss = 0.029822.
epoch 478, train_loss = 0.029869.
epoch 479, train_loss = 0.029813.
epoch 480, train_loss = 0.029804.
[480/2000] Valid Result: ndcg@20 = 0.040426, recall@20 = 0.083179, pre@20 = 0.008543, mrr@20 = 0.039289, map@20 = 0.037808.
epoch 481, train_loss = 0.029752.
epoch 482, train_loss = 0.029901.
epoch 483, train_loss = 0.029692.
epoch 484, train_loss = 0.029804.
epoch 485, train_loss = 0.029677.
epoch 486, train_loss = 0.030035.
epoch 487, train_loss = 0.029790.
epoch 488, train_loss = 0.029809.
epoch 489, train_loss = 0.029706.
epoch 490, train_loss = 0.029804.
[490/2000] Valid Result: ndcg@20 = 0.040389, recall@20 = 0.082601, pre@20 = 0.008481, mrr@20 = 0.039546, map@20 = 0.038065.
epoch 491, train_loss = 0.029643.
epoch 492, train_loss = 0.029535.
epoch 493, train_loss = 0.029723.
epoch 494, train_loss = 0.029785.
epoch 495, train_loss = 0.029647.
epoch 496, train_loss = 0.029809.
epoch 497, train_loss = 0.029661.
epoch 498, train_loss = 0.029726.
epoch 499, train_loss = 0.029619.
epoch 500, train_loss = 0.029705.
[500/2000] Valid Result: ndcg@20 = 0.040625, recall@20 = 0.083239, pre@20 = 0.008536, mrr@20 = 0.039766, map@20 = 0.038264.
######## new best ############
===== Test Result(at 500 epoch) =====
ndcg@20 = 0.045491, recall@20 = 0.084570, pre@20 = 0.012441, mrr@20 = 0.054770, map@20 = 0.050948.
epoch 501, train_loss = 0.029626.
epoch 502, train_loss = 0.029797.
epoch 503, train_loss = 0.029732.
epoch 504, train_loss = 0.029694.
epoch 505, train_loss = 0.029750.
epoch 506, train_loss = 0.029812.
epoch 507, train_loss = 0.029755.
epoch 508, train_loss = 0.029609.
epoch 509, train_loss = 0.029686.
epoch 510, train_loss = 0.029540.
[510/2000] Valid Result: ndcg@20 = 0.040818, recall@20 = 0.083780, pre@20 = 0.008580, mrr@20 = 0.039885, map@20 = 0.038390.
######## new best ############
===== Test Result(at 510 epoch) =====
ndcg@20 = 0.045507, recall@20 = 0.084550, pre@20 = 0.012439, mrr@20 = 0.054790, map@20 = 0.050934.
epoch 511, train_loss = 0.029533.
epoch 512, train_loss = 0.029541.
epoch 513, train_loss = 0.029647.
epoch 514, train_loss = 0.029599.
epoch 515, train_loss = 0.029596.
epoch 516, train_loss = 0.029421.
epoch 517, train_loss = 0.029638.
epoch 518, train_loss = 0.029589.
epoch 519, train_loss = 0.029620.
epoch 520, train_loss = 0.029557.
[520/2000] Valid Result: ndcg@20 = 0.040719, recall@20 = 0.083434, pre@20 = 0.008563, mrr@20 = 0.039765, map@20 = 0.038228.
epoch 521, train_loss = 0.029533.
epoch 522, train_loss = 0.029517.
epoch 523, train_loss = 0.029650.
epoch 524, train_loss = 0.029547.
epoch 525, train_loss = 0.029535.
epoch 526, train_loss = 0.029542.
epoch 527, train_loss = 0.029570.
epoch 528, train_loss = 0.029485.
epoch 529, train_loss = 0.029603.
epoch 530, train_loss = 0.029581.
[530/2000] Valid Result: ndcg@20 = 0.040833, recall@20 = 0.083517, pre@20 = 0.008579, mrr@20 = 0.039871, map@20 = 0.038322.
######## new best ############
===== Test Result(at 530 epoch) =====
ndcg@20 = 0.045620, recall@20 = 0.084753, pre@20 = 0.012474, mrr@20 = 0.054971, map@20 = 0.051201.
epoch 531, train_loss = 0.029479.
epoch 532, train_loss = 0.029402.
epoch 533, train_loss = 0.029590.
epoch 534, train_loss = 0.029419.
epoch 535, train_loss = 0.029573.
epoch 536, train_loss = 0.029543.
epoch 537, train_loss = 0.029612.
epoch 538, train_loss = 0.029486.
epoch 539, train_loss = 0.029557.
epoch 540, train_loss = 0.029553.
[540/2000] Valid Result: ndcg@20 = 0.040925, recall@20 = 0.083533, pre@20 = 0.008589, mrr@20 = 0.040049, map@20 = 0.038537.
######## new best ############
===== Test Result(at 540 epoch) =====
ndcg@20 = 0.045717, recall@20 = 0.084963, pre@20 = 0.012505, mrr@20 = 0.055219, map@20 = 0.051402.
epoch 541, train_loss = 0.029466.
epoch 542, train_loss = 0.029369.
epoch 543, train_loss = 0.029326.
epoch 544, train_loss = 0.029445.
epoch 545, train_loss = 0.029414.
epoch 546, train_loss = 0.029517.
epoch 547, train_loss = 0.029428.
epoch 548, train_loss = 0.029373.
epoch 549, train_loss = 0.029487.
epoch 550, train_loss = 0.029456.
[550/2000] Valid Result: ndcg@20 = 0.041187, recall@20 = 0.084291, pre@20 = 0.008613, mrr@20 = 0.040242, map@20 = 0.038650.
######## new best ############
===== Test Result(at 550 epoch) =====
ndcg@20 = 0.045759, recall@20 = 0.085140, pre@20 = 0.012548, mrr@20 = 0.055201, map@20 = 0.051414.
epoch 551, train_loss = 0.029335.
epoch 552, train_loss = 0.029461.
epoch 553, train_loss = 0.029409.
epoch 554, train_loss = 0.029397.
epoch 555, train_loss = 0.029594.
epoch 556, train_loss = 0.029334.
epoch 557, train_loss = 0.029350.
epoch 558, train_loss = 0.029420.
epoch 559, train_loss = 0.029494.
epoch 560, train_loss = 0.029404.
[560/2000] Valid Result: ndcg@20 = 0.041153, recall@20 = 0.084445, pre@20 = 0.008629, mrr@20 = 0.040169, map@20 = 0.038634.
epoch 561, train_loss = 0.029361.
epoch 562, train_loss = 0.029584.
epoch 563, train_loss = 0.029417.
epoch 564, train_loss = 0.029392.
epoch 565, train_loss = 0.029316.
epoch 566, train_loss = 0.029288.
epoch 567, train_loss = 0.029335.
epoch 568, train_loss = 0.029284.
epoch 569, train_loss = 0.029447.
epoch 570, train_loss = 0.029440.
[570/2000] Valid Result: ndcg@20 = 0.041177, recall@20 = 0.084809, pre@20 = 0.008683, mrr@20 = 0.040070, map@20 = 0.038525.
epoch 571, train_loss = 0.029354.
epoch 572, train_loss = 0.029350.
epoch 573, train_loss = 0.029366.
epoch 574, train_loss = 0.029393.
epoch 575, train_loss = 0.029358.
epoch 576, train_loss = 0.029162.
epoch 577, train_loss = 0.029267.
epoch 578, train_loss = 0.029417.
epoch 579, train_loss = 0.029271.
epoch 580, train_loss = 0.029449.
[580/2000] Valid Result: ndcg@20 = 0.041121, recall@20 = 0.084738, pre@20 = 0.008696, mrr@20 = 0.039958, map@20 = 0.038404.
epoch 581, train_loss = 0.029311.
epoch 582, train_loss = 0.029254.
epoch 583, train_loss = 0.029305.
epoch 584, train_loss = 0.029361.
epoch 585, train_loss = 0.029247.
epoch 586, train_loss = 0.029196.
epoch 587, train_loss = 0.029438.
epoch 588, train_loss = 0.029250.
epoch 589, train_loss = 0.029203.
epoch 590, train_loss = 0.029287.
[590/2000] Valid Result: ndcg@20 = 0.041216, recall@20 = 0.084966, pre@20 = 0.008684, mrr@20 = 0.040123, map@20 = 0.038614.
######## new best ############
===== Test Result(at 590 epoch) =====
ndcg@20 = 0.045930, recall@20 = 0.085512, pre@20 = 0.012609, mrr@20 = 0.055276, map@20 = 0.051366.
epoch 591, train_loss = 0.029178.
epoch 592, train_loss = 0.029309.
epoch 593, train_loss = 0.029277.
epoch 594, train_loss = 0.029279.
epoch 595, train_loss = 0.029335.
epoch 596, train_loss = 0.029217.
epoch 597, train_loss = 0.029220.
epoch 598, train_loss = 0.029225.
epoch 599, train_loss = 0.029222.
epoch 600, train_loss = 0.029340.
[600/2000] Valid Result: ndcg@20 = 0.041189, recall@20 = 0.084774, pre@20 = 0.008683, mrr@20 = 0.040236, map@20 = 0.038646.
epoch 601, train_loss = 0.029208.
epoch 602, train_loss = 0.029159.
epoch 603, train_loss = 0.029220.
epoch 604, train_loss = 0.029265.
epoch 605, train_loss = 0.029180.
epoch 606, train_loss = 0.029203.
epoch 607, train_loss = 0.029215.
epoch 608, train_loss = 0.029183.
epoch 609, train_loss = 0.029166.
epoch 610, train_loss = 0.029105.
[610/2000] Valid Result: ndcg@20 = 0.041209, recall@20 = 0.084841, pre@20 = 0.008704, mrr@20 = 0.040205, map@20 = 0.038674.
epoch 611, train_loss = 0.029243.
epoch 612, train_loss = 0.029315.
epoch 613, train_loss = 0.029212.
epoch 614, train_loss = 0.029247.
epoch 615, train_loss = 0.029178.
epoch 616, train_loss = 0.029029.
epoch 617, train_loss = 0.029139.
epoch 618, train_loss = 0.029055.
epoch 619, train_loss = 0.029066.
epoch 620, train_loss = 0.029237.
[620/2000] Valid Result: ndcg@20 = 0.041358, recall@20 = 0.085084, pre@20 = 0.008715, mrr@20 = 0.040438, map@20 = 0.038943.
######## new best ############
===== Test Result(at 620 epoch) =====
ndcg@20 = 0.046124, recall@20 = 0.085731, pre@20 = 0.012615, mrr@20 = 0.055567, map@20 = 0.051668.
epoch 621, train_loss = 0.029023.
epoch 622, train_loss = 0.029262.
epoch 623, train_loss = 0.029063.
epoch 624, train_loss = 0.029019.
epoch 625, train_loss = 0.029003.
epoch 626, train_loss = 0.029064.
epoch 627, train_loss = 0.029116.
epoch 628, train_loss = 0.029111.
epoch 629, train_loss = 0.029180.
epoch 630, train_loss = 0.029102.
[630/2000] Valid Result: ndcg@20 = 0.041423, recall@20 = 0.085053, pre@20 = 0.008715, mrr@20 = 0.040451, map@20 = 0.038965.
######## new best ############
===== Test Result(at 630 epoch) =====
ndcg@20 = 0.046320, recall@20 = 0.085960, pre@20 = 0.012673, mrr@20 = 0.055883, map@20 = 0.051959.
epoch 631, train_loss = 0.029125.
epoch 632, train_loss = 0.029251.
epoch 633, train_loss = 0.029047.
epoch 634, train_loss = 0.028959.
epoch 635, train_loss = 0.029149.
epoch 636, train_loss = 0.029149.
epoch 637, train_loss = 0.029039.
epoch 638, train_loss = 0.029158.
epoch 639, train_loss = 0.029081.
epoch 640, train_loss = 0.028984.
[640/2000] Valid Result: ndcg@20 = 0.041523, recall@20 = 0.085311, pre@20 = 0.008724, mrr@20 = 0.040620, map@20 = 0.039069.
######## new best ############
===== Test Result(at 640 epoch) =====
ndcg@20 = 0.046292, recall@20 = 0.086088, pre@20 = 0.012679, mrr@20 = 0.055861, map@20 = 0.051919.
epoch 641, train_loss = 0.028864.
epoch 642, train_loss = 0.029044.
epoch 643, train_loss = 0.029065.
epoch 644, train_loss = 0.029067.
epoch 645, train_loss = 0.029162.
epoch 646, train_loss = 0.029116.
epoch 647, train_loss = 0.029083.
epoch 648, train_loss = 0.029083.
epoch 649, train_loss = 0.029044.
epoch 650, train_loss = 0.028982.
[650/2000] Valid Result: ndcg@20 = 0.041472, recall@20 = 0.085093, pre@20 = 0.008724, mrr@20 = 0.040470, map@20 = 0.038870.
epoch 651, train_loss = 0.029019.
epoch 652, train_loss = 0.029153.
epoch 653, train_loss = 0.028901.
epoch 654, train_loss = 0.029000.
epoch 655, train_loss = 0.029087.
epoch 656, train_loss = 0.029018.
epoch 657, train_loss = 0.028851.
epoch 658, train_loss = 0.029128.
epoch 659, train_loss = 0.029066.
epoch 660, train_loss = 0.028940.
[660/2000] Valid Result: ndcg@20 = 0.041535, recall@20 = 0.085075, pre@20 = 0.008734, mrr@20 = 0.040559, map@20 = 0.038964.
######## new best ############
===== Test Result(at 660 epoch) =====
ndcg@20 = 0.046425, recall@20 = 0.086415, pre@20 = 0.012718, mrr@20 = 0.056011, map@20 = 0.052041.
epoch 661, train_loss = 0.029072.
epoch 662, train_loss = 0.029039.
epoch 663, train_loss = 0.029080.
epoch 664, train_loss = 0.029057.
epoch 665, train_loss = 0.029031.
epoch 666, train_loss = 0.028968.
epoch 667, train_loss = 0.029024.
epoch 668, train_loss = 0.028989.
epoch 669, train_loss = 0.028905.
epoch 670, train_loss = 0.029041.
[670/2000] Valid Result: ndcg@20 = 0.041441, recall@20 = 0.084784, pre@20 = 0.008721, mrr@20 = 0.040544, map@20 = 0.039024.
epoch 671, train_loss = 0.029055.
epoch 672, train_loss = 0.029077.
epoch 673, train_loss = 0.029076.
epoch 674, train_loss = 0.029110.
epoch 675, train_loss = 0.029051.
epoch 676, train_loss = 0.029067.
epoch 677, train_loss = 0.028979.
epoch 678, train_loss = 0.028922.
epoch 679, train_loss = 0.028939.
epoch 680, train_loss = 0.028939.
[680/2000] Valid Result: ndcg@20 = 0.041551, recall@20 = 0.085201, pre@20 = 0.008762, mrr@20 = 0.040678, map@20 = 0.039106.
######## new best ############
===== Test Result(at 680 epoch) =====
ndcg@20 = 0.046399, recall@20 = 0.086185, pre@20 = 0.012701, mrr@20 = 0.055895, map@20 = 0.051980.
epoch 681, train_loss = 0.028928.
epoch 682, train_loss = 0.028869.
epoch 683, train_loss = 0.029010.
epoch 684, train_loss = 0.028910.
epoch 685, train_loss = 0.029100.
epoch 686, train_loss = 0.028834.
epoch 687, train_loss = 0.028925.
epoch 688, train_loss = 0.029027.
epoch 689, train_loss = 0.029055.
epoch 690, train_loss = 0.028945.
[690/2000] Valid Result: ndcg@20 = 0.041457, recall@20 = 0.084780, pre@20 = 0.008733, mrr@20 = 0.040699, map@20 = 0.039147.
epoch 691, train_loss = 0.028849.
epoch 692, train_loss = 0.029025.
epoch 693, train_loss = 0.028933.
epoch 694, train_loss = 0.028964.
epoch 695, train_loss = 0.028830.
epoch 696, train_loss = 0.028860.
epoch 697, train_loss = 0.028931.
epoch 698, train_loss = 0.028969.
epoch 699, train_loss = 0.029007.
epoch 700, train_loss = 0.028941.
[700/2000] Valid Result: ndcg@20 = 0.041697, recall@20 = 0.085181, pre@20 = 0.008762, mrr@20 = 0.040882, map@20 = 0.039311.
######## new best ############
===== Test Result(at 700 epoch) =====
ndcg@20 = 0.046583, recall@20 = 0.086814, pre@20 = 0.012765, mrr@20 = 0.056003, map@20 = 0.052042.
epoch 701, train_loss = 0.028958.
epoch 702, train_loss = 0.028948.
epoch 703, train_loss = 0.028959.
epoch 704, train_loss = 0.028853.
epoch 705, train_loss = 0.028873.
epoch 706, train_loss = 0.029052.
epoch 707, train_loss = 0.028930.
epoch 708, train_loss = 0.028874.
epoch 709, train_loss = 0.028966.
epoch 710, train_loss = 0.028881.
[710/2000] Valid Result: ndcg@20 = 0.041840, recall@20 = 0.085550, pre@20 = 0.008794, mrr@20 = 0.040881, map@20 = 0.039323.
######## new best ############
===== Test Result(at 710 epoch) =====
ndcg@20 = 0.046622, recall@20 = 0.086571, pre@20 = 0.012753, mrr@20 = 0.056205, map@20 = 0.052268.
epoch 711, train_loss = 0.028930.
epoch 712, train_loss = 0.028874.
epoch 713, train_loss = 0.028895.
epoch 714, train_loss = 0.028933.
epoch 715, train_loss = 0.028889.
epoch 716, train_loss = 0.028929.
epoch 717, train_loss = 0.028789.
epoch 718, train_loss = 0.028887.
epoch 719, train_loss = 0.028728.
epoch 720, train_loss = 0.028843.
[720/2000] Valid Result: ndcg@20 = 0.041863, recall@20 = 0.085647, pre@20 = 0.008793, mrr@20 = 0.040794, map@20 = 0.039245.
######## new best ############
===== Test Result(at 720 epoch) =====
ndcg@20 = 0.046788, recall@20 = 0.086947, pre@20 = 0.012793, mrr@20 = 0.056332, map@20 = 0.052353.
epoch 721, train_loss = 0.028892.
epoch 722, train_loss = 0.028860.
epoch 723, train_loss = 0.028913.
epoch 724, train_loss = 0.028861.
epoch 725, train_loss = 0.028922.
epoch 726, train_loss = 0.028883.
epoch 727, train_loss = 0.028830.
epoch 728, train_loss = 0.028896.
epoch 729, train_loss = 0.028926.
epoch 730, train_loss = 0.028774.
[730/2000] Valid Result: ndcg@20 = 0.041784, recall@20 = 0.085408, pre@20 = 0.008794, mrr@20 = 0.040729, map@20 = 0.039174.
epoch 731, train_loss = 0.028781.
epoch 732, train_loss = 0.028821.
epoch 733, train_loss = 0.028854.
epoch 734, train_loss = 0.028897.
epoch 735, train_loss = 0.028834.
epoch 736, train_loss = 0.028801.
epoch 737, train_loss = 0.028821.
epoch 738, train_loss = 0.028767.
epoch 739, train_loss = 0.028654.
epoch 740, train_loss = 0.028777.
[740/2000] Valid Result: ndcg@20 = 0.041944, recall@20 = 0.085932, pre@20 = 0.008836, mrr@20 = 0.040896, map@20 = 0.039282.
######## new best ############
===== Test Result(at 740 epoch) =====
ndcg@20 = 0.046612, recall@20 = 0.086470, pre@20 = 0.012745, mrr@20 = 0.056196, map@20 = 0.052243.
epoch 741, train_loss = 0.028801.
epoch 742, train_loss = 0.028835.
epoch 743, train_loss = 0.028791.
epoch 744, train_loss = 0.028818.
epoch 745, train_loss = 0.028834.
epoch 746, train_loss = 0.028812.
epoch 747, train_loss = 0.028895.
epoch 748, train_loss = 0.028742.
epoch 749, train_loss = 0.028803.
epoch 750, train_loss = 0.028799.
[750/2000] Valid Result: ndcg@20 = 0.041911, recall@20 = 0.085648, pre@20 = 0.008806, mrr@20 = 0.041012, map@20 = 0.039410.
epoch 751, train_loss = 0.028875.
epoch 752, train_loss = 0.028761.
epoch 753, train_loss = 0.028910.
epoch 754, train_loss = 0.028797.
epoch 755, train_loss = 0.028785.
epoch 756, train_loss = 0.028817.
epoch 757, train_loss = 0.028985.
epoch 758, train_loss = 0.028824.
epoch 759, train_loss = 0.028747.
epoch 760, train_loss = 0.028790.
[760/2000] Valid Result: ndcg@20 = 0.041957, recall@20 = 0.085743, pre@20 = 0.008810, mrr@20 = 0.041066, map@20 = 0.039497.
######## new best ############
===== Test Result(at 760 epoch) =====
ndcg@20 = 0.046826, recall@20 = 0.086630, pre@20 = 0.012768, mrr@20 = 0.056531, map@20 = 0.052535.
epoch 761, train_loss = 0.028827.
epoch 762, train_loss = 0.028795.
epoch 763, train_loss = 0.028616.
epoch 764, train_loss = 0.028818.
epoch 765, train_loss = 0.028824.
epoch 766, train_loss = 0.028862.
epoch 767, train_loss = 0.028814.
epoch 768, train_loss = 0.028827.
epoch 769, train_loss = 0.028827.
epoch 770, train_loss = 0.028818.
[770/2000] Valid Result: ndcg@20 = 0.041930, recall@20 = 0.085763, pre@20 = 0.008818, mrr@20 = 0.040961, map@20 = 0.039327.
epoch 771, train_loss = 0.028758.
epoch 772, train_loss = 0.028859.
epoch 773, train_loss = 0.028822.
epoch 774, train_loss = 0.028776.
epoch 775, train_loss = 0.028772.
epoch 776, train_loss = 0.028755.
epoch 777, train_loss = 0.028821.
epoch 778, train_loss = 0.028776.
epoch 779, train_loss = 0.028680.
epoch 780, train_loss = 0.028674.
[780/2000] Valid Result: ndcg@20 = 0.042001, recall@20 = 0.086076, pre@20 = 0.008843, mrr@20 = 0.041001, map@20 = 0.039379.
######## new best ############
===== Test Result(at 780 epoch) =====
ndcg@20 = 0.046914, recall@20 = 0.086994, pre@20 = 0.012811, mrr@20 = 0.056429, map@20 = 0.052437.
epoch 781, train_loss = 0.028884.
epoch 782, train_loss = 0.028787.
epoch 783, train_loss = 0.028704.
epoch 784, train_loss = 0.028820.
epoch 785, train_loss = 0.028699.
epoch 786, train_loss = 0.028741.
epoch 787, train_loss = 0.028670.
epoch 788, train_loss = 0.028627.
epoch 789, train_loss = 0.028677.
epoch 790, train_loss = 0.028617.
[790/2000] Valid Result: ndcg@20 = 0.041864, recall@20 = 0.085744, pre@20 = 0.008825, mrr@20 = 0.040954, map@20 = 0.039304.
epoch 791, train_loss = 0.028827.
epoch 792, train_loss = 0.028722.
epoch 793, train_loss = 0.028726.
epoch 794, train_loss = 0.028893.
epoch 795, train_loss = 0.028723.
epoch 796, train_loss = 0.028813.
epoch 797, train_loss = 0.028721.
epoch 798, train_loss = 0.028697.
epoch 799, train_loss = 0.028708.
epoch 800, train_loss = 0.028754.
[800/2000] Valid Result: ndcg@20 = 0.041995, recall@20 = 0.086035, pre@20 = 0.008849, mrr@20 = 0.041016, map@20 = 0.039395.
epoch 801, train_loss = 0.028798.
epoch 802, train_loss = 0.028688.
epoch 803, train_loss = 0.028807.
epoch 804, train_loss = 0.028773.
epoch 805, train_loss = 0.028674.
epoch 806, train_loss = 0.028652.
epoch 807, train_loss = 0.028657.
epoch 808, train_loss = 0.028757.
epoch 809, train_loss = 0.028826.
epoch 810, train_loss = 0.028699.
[810/2000] Valid Result: ndcg@20 = 0.041949, recall@20 = 0.085694, pre@20 = 0.008820, mrr@20 = 0.041023, map@20 = 0.039427.
epoch 811, train_loss = 0.028672.
epoch 812, train_loss = 0.028880.
epoch 813, train_loss = 0.028698.
epoch 814, train_loss = 0.028747.
epoch 815, train_loss = 0.028584.
epoch 816, train_loss = 0.028599.
epoch 817, train_loss = 0.028707.
epoch 818, train_loss = 0.028615.
epoch 819, train_loss = 0.028696.
epoch 820, train_loss = 0.028825.
[820/2000] Valid Result: ndcg@20 = 0.042038, recall@20 = 0.086085, pre@20 = 0.008848, mrr@20 = 0.041035, map@20 = 0.039460.
######## new best ############
===== Test Result(at 820 epoch) =====
ndcg@20 = 0.047012, recall@20 = 0.087154, pre@20 = 0.012841, mrr@20 = 0.056670, map@20 = 0.052678.
epoch 821, train_loss = 0.028618.
epoch 822, train_loss = 0.028725.
epoch 823, train_loss = 0.028682.
epoch 824, train_loss = 0.028672.
epoch 825, train_loss = 0.028689.
epoch 826, train_loss = 0.028553.
epoch 827, train_loss = 0.028613.
epoch 828, train_loss = 0.028706.
epoch 829, train_loss = 0.028619.
epoch 830, train_loss = 0.028743.
[830/2000] Valid Result: ndcg@20 = 0.042110, recall@20 = 0.086206, pre@20 = 0.008842, mrr@20 = 0.041128, map@20 = 0.039534.
######## new best ############
===== Test Result(at 830 epoch) =====
ndcg@20 = 0.047099, recall@20 = 0.087266, pre@20 = 0.012871, mrr@20 = 0.056870, map@20 = 0.052791.
epoch 831, train_loss = 0.028711.
epoch 832, train_loss = 0.028732.
epoch 833, train_loss = 0.028601.
epoch 834, train_loss = 0.028512.
epoch 835, train_loss = 0.028665.
epoch 836, train_loss = 0.028670.
epoch 837, train_loss = 0.028715.
epoch 838, train_loss = 0.028619.
epoch 839, train_loss = 0.028726.
epoch 840, train_loss = 0.028647.
[840/2000] Valid Result: ndcg@20 = 0.042021, recall@20 = 0.086083, pre@20 = 0.008830, mrr@20 = 0.040994, map@20 = 0.039411.
epoch 841, train_loss = 0.028686.
epoch 842, train_loss = 0.028554.
epoch 843, train_loss = 0.028714.
epoch 844, train_loss = 0.028654.
epoch 845, train_loss = 0.028602.
epoch 846, train_loss = 0.028617.
epoch 847, train_loss = 0.028790.
epoch 848, train_loss = 0.028512.
epoch 849, train_loss = 0.028654.
epoch 850, train_loss = 0.028685.
[850/2000] Valid Result: ndcg@20 = 0.042007, recall@20 = 0.086103, pre@20 = 0.008846, mrr@20 = 0.040941, map@20 = 0.039435.
epoch 851, train_loss = 0.028712.
epoch 852, train_loss = 0.028644.
epoch 853, train_loss = 0.028591.
epoch 854, train_loss = 0.028530.
epoch 855, train_loss = 0.028622.
epoch 856, train_loss = 0.028641.
epoch 857, train_loss = 0.028678.
epoch 858, train_loss = 0.028604.
epoch 859, train_loss = 0.028566.
epoch 860, train_loss = 0.028648.
[860/2000] Valid Result: ndcg@20 = 0.042080, recall@20 = 0.086326, pre@20 = 0.008876, mrr@20 = 0.041052, map@20 = 0.039476.
epoch 861, train_loss = 0.028614.
epoch 862, train_loss = 0.028538.
epoch 863, train_loss = 0.028563.
epoch 864, train_loss = 0.028619.
epoch 865, train_loss = 0.028607.
epoch 866, train_loss = 0.028589.
epoch 867, train_loss = 0.028576.
epoch 868, train_loss = 0.028506.
epoch 869, train_loss = 0.028595.
epoch 870, train_loss = 0.028527.
[870/2000] Valid Result: ndcg@20 = 0.042210, recall@20 = 0.086324, pre@20 = 0.008858, mrr@20 = 0.041393, map@20 = 0.039774.
######## new best ############
===== Test Result(at 870 epoch) =====
ndcg@20 = 0.047120, recall@20 = 0.087275, pre@20 = 0.012864, mrr@20 = 0.056911, map@20 = 0.052819.
epoch 871, train_loss = 0.028523.
epoch 872, train_loss = 0.028632.
epoch 873, train_loss = 0.028676.
epoch 874, train_loss = 0.028590.
epoch 875, train_loss = 0.028655.
epoch 876, train_loss = 0.028501.
epoch 877, train_loss = 0.028493.
epoch 878, train_loss = 0.028590.
epoch 879, train_loss = 0.028393.
epoch 880, train_loss = 0.028473.
[880/2000] Valid Result: ndcg@20 = 0.042188, recall@20 = 0.086130, pre@20 = 0.008844, mrr@20 = 0.041381, map@20 = 0.039787.
epoch 881, train_loss = 0.028649.
epoch 882, train_loss = 0.028670.
epoch 883, train_loss = 0.028434.
epoch 884, train_loss = 0.028574.
epoch 885, train_loss = 0.028660.
epoch 886, train_loss = 0.028521.
epoch 887, train_loss = 0.028556.
epoch 888, train_loss = 0.028446.
epoch 889, train_loss = 0.028590.
epoch 890, train_loss = 0.028590.
[890/2000] Valid Result: ndcg@20 = 0.042122, recall@20 = 0.086024, pre@20 = 0.008840, mrr@20 = 0.041287, map@20 = 0.039694.
epoch 891, train_loss = 0.028683.
epoch 892, train_loss = 0.028542.
epoch 893, train_loss = 0.028645.
epoch 894, train_loss = 0.028641.
epoch 895, train_loss = 0.028643.
epoch 896, train_loss = 0.028472.
epoch 897, train_loss = 0.028343.
epoch 898, train_loss = 0.028433.
epoch 899, train_loss = 0.028482.
epoch 900, train_loss = 0.028542.
[900/2000] Valid Result: ndcg@20 = 0.042058, recall@20 = 0.085912, pre@20 = 0.008818, mrr@20 = 0.041184, map@20 = 0.039619.
epoch 901, train_loss = 0.028603.
epoch 902, train_loss = 0.028436.
epoch 903, train_loss = 0.028425.
epoch 904, train_loss = 0.028443.
epoch 905, train_loss = 0.028555.
epoch 906, train_loss = 0.028621.
epoch 907, train_loss = 0.028442.
epoch 908, train_loss = 0.028640.
epoch 909, train_loss = 0.028502.
epoch 910, train_loss = 0.028534.
[910/2000] Valid Result: ndcg@20 = 0.042219, recall@20 = 0.086260, pre@20 = 0.008849, mrr@20 = 0.041230, map@20 = 0.039714.
######## new best ############
===== Test Result(at 910 epoch) =====
ndcg@20 = 0.047218, recall@20 = 0.087612, pre@20 = 0.012913, mrr@20 = 0.056906, map@20 = 0.052857.
epoch 911, train_loss = 0.028458.
epoch 912, train_loss = 0.028367.
epoch 913, train_loss = 0.028597.
epoch 914, train_loss = 0.028527.
epoch 915, train_loss = 0.028441.
epoch 916, train_loss = 0.028455.
epoch 917, train_loss = 0.028503.
epoch 918, train_loss = 0.028434.
epoch 919, train_loss = 0.028588.
epoch 920, train_loss = 0.028757.
[920/2000] Valid Result: ndcg@20 = 0.042061, recall@20 = 0.085706, pre@20 = 0.008818, mrr@20 = 0.041130, map@20 = 0.039667.
epoch 921, train_loss = 0.028607.
epoch 922, train_loss = 0.028450.
epoch 923, train_loss = 0.028679.
epoch 924, train_loss = 0.028397.
epoch 925, train_loss = 0.028501.
epoch 926, train_loss = 0.028444.
epoch 927, train_loss = 0.028600.
epoch 928, train_loss = 0.028498.
epoch 929, train_loss = 0.028481.
epoch 930, train_loss = 0.028524.
[930/2000] Valid Result: ndcg@20 = 0.042346, recall@20 = 0.086521, pre@20 = 0.008869, mrr@20 = 0.041355, map@20 = 0.039847.
######## new best ############
===== Test Result(at 930 epoch) =====
ndcg@20 = 0.047386, recall@20 = 0.087884, pre@20 = 0.012947, mrr@20 = 0.057169, map@20 = 0.053072.
epoch 931, train_loss = 0.028561.
epoch 932, train_loss = 0.028451.
epoch 933, train_loss = 0.028616.
epoch 934, train_loss = 0.028507.
epoch 935, train_loss = 0.028480.
epoch 936, train_loss = 0.028418.
epoch 937, train_loss = 0.028528.
epoch 938, train_loss = 0.028321.
epoch 939, train_loss = 0.028529.
epoch 940, train_loss = 0.028526.
[940/2000] Valid Result: ndcg@20 = 0.042209, recall@20 = 0.086016, pre@20 = 0.008830, mrr@20 = 0.041369, map@20 = 0.039845.
epoch 941, train_loss = 0.028500.
epoch 942, train_loss = 0.028533.
epoch 943, train_loss = 0.028469.
epoch 944, train_loss = 0.028515.
epoch 945, train_loss = 0.028573.
epoch 946, train_loss = 0.028388.
epoch 947, train_loss = 0.028611.
epoch 948, train_loss = 0.028486.
epoch 949, train_loss = 0.028506.
epoch 950, train_loss = 0.028522.
[950/2000] Valid Result: ndcg@20 = 0.042192, recall@20 = 0.086244, pre@20 = 0.008850, mrr@20 = 0.041276, map@20 = 0.039743.
epoch 951, train_loss = 0.028575.
epoch 952, train_loss = 0.028427.
epoch 953, train_loss = 0.028486.
epoch 954, train_loss = 0.028484.
epoch 955, train_loss = 0.028471.
epoch 956, train_loss = 0.028413.
epoch 957, train_loss = 0.028525.
epoch 958, train_loss = 0.028472.
epoch 959, train_loss = 0.028517.
epoch 960, train_loss = 0.028543.
[960/2000] Valid Result: ndcg@20 = 0.042295, recall@20 = 0.086185, pre@20 = 0.008843, mrr@20 = 0.041566, map@20 = 0.039983.
epoch 961, train_loss = 0.028456.
epoch 962, train_loss = 0.028473.
epoch 963, train_loss = 0.028473.
epoch 964, train_loss = 0.028428.
epoch 965, train_loss = 0.028522.
epoch 966, train_loss = 0.028493.
epoch 967, train_loss = 0.028518.
epoch 968, train_loss = 0.028525.
epoch 969, train_loss = 0.028468.
epoch 970, train_loss = 0.028415.
[970/2000] Valid Result: ndcg@20 = 0.042389, recall@20 = 0.086441, pre@20 = 0.008886, mrr@20 = 0.041614, map@20 = 0.039928.
######## new best ############
===== Test Result(at 970 epoch) =====
ndcg@20 = 0.047278, recall@20 = 0.087456, pre@20 = 0.012925, mrr@20 = 0.057066, map@20 = 0.053087.
epoch 971, train_loss = 0.028507.
epoch 972, train_loss = 0.028481.
epoch 973, train_loss = 0.028389.
epoch 974, train_loss = 0.028470.
epoch 975, train_loss = 0.028444.
epoch 976, train_loss = 0.028541.
epoch 977, train_loss = 0.028357.
epoch 978, train_loss = 0.028533.
epoch 979, train_loss = 0.028286.
epoch 980, train_loss = 0.028495.
[980/2000] Valid Result: ndcg@20 = 0.042351, recall@20 = 0.086431, pre@20 = 0.008891, mrr@20 = 0.041600, map@20 = 0.039881.
epoch 981, train_loss = 0.028442.
epoch 982, train_loss = 0.028476.
epoch 983, train_loss = 0.028330.
epoch 984, train_loss = 0.028449.
epoch 985, train_loss = 0.028290.
epoch 986, train_loss = 0.028364.
epoch 987, train_loss = 0.028289.
epoch 988, train_loss = 0.028421.
epoch 989, train_loss = 0.028278.
epoch 990, train_loss = 0.028405.
[990/2000] Valid Result: ndcg@20 = 0.042319, recall@20 = 0.086129, pre@20 = 0.008838, mrr@20 = 0.041588, map@20 = 0.039913.
epoch 991, train_loss = 0.028543.
epoch 992, train_loss = 0.028552.
epoch 993, train_loss = 0.028425.
epoch 994, train_loss = 0.028436.
epoch 995, train_loss = 0.028346.
epoch 996, train_loss = 0.028339.
epoch 997, train_loss = 0.028387.
epoch 998, train_loss = 0.028455.
epoch 999, train_loss = 0.028407.
epoch 1000, train_loss = 0.028444.
[1000/2000] Valid Result: ndcg@20 = 0.042347, recall@20 = 0.086363, pre@20 = 0.008862, mrr@20 = 0.041574, map@20 = 0.039914.
epoch 1001, train_loss = 0.028528.
epoch 1002, train_loss = 0.028377.
epoch 1003, train_loss = 0.028482.
epoch 1004, train_loss = 0.028360.
epoch 1005, train_loss = 0.028451.
epoch 1006, train_loss = 0.028419.
epoch 1007, train_loss = 0.028374.
epoch 1008, train_loss = 0.028374.
epoch 1009, train_loss = 0.028416.
epoch 1010, train_loss = 0.028244.
[1010/2000] Valid Result: ndcg@20 = 0.042291, recall@20 = 0.086411, pre@20 = 0.008837, mrr@20 = 0.041419, map@20 = 0.039811.
epoch 1011, train_loss = 0.028385.
epoch 1012, train_loss = 0.028385.
epoch 1013, train_loss = 0.028535.
epoch 1014, train_loss = 0.028369.
epoch 1015, train_loss = 0.028453.
epoch 1016, train_loss = 0.028384.
epoch 1017, train_loss = 0.028349.
epoch 1018, train_loss = 0.028424.
epoch 1019, train_loss = 0.028268.
epoch 1020, train_loss = 0.028300.
[1020/2000] Valid Result: ndcg@20 = 0.042295, recall@20 = 0.086507, pre@20 = 0.008856, mrr@20 = 0.041530, map@20 = 0.039854.
epoch 1021, train_loss = 0.028319.
epoch 1022, train_loss = 0.028507.
epoch 1023, train_loss = 0.028488.
epoch 1024, train_loss = 0.028383.
epoch 1025, train_loss = 0.028398.
epoch 1026, train_loss = 0.028391.
epoch 1027, train_loss = 0.028519.
epoch 1028, train_loss = 0.028384.
epoch 1029, train_loss = 0.028377.
epoch 1030, train_loss = 0.028402.
[1030/2000] Valid Result: ndcg@20 = 0.042259, recall@20 = 0.086398, pre@20 = 0.008849, mrr@20 = 0.041434, map@20 = 0.039698.
epoch 1031, train_loss = 0.028420.
epoch 1032, train_loss = 0.028439.
epoch 1033, train_loss = 0.028202.
epoch 1034, train_loss = 0.028319.
epoch 1035, train_loss = 0.028380.
epoch 1036, train_loss = 0.028442.
epoch 1037, train_loss = 0.028393.
epoch 1038, train_loss = 0.028248.
epoch 1039, train_loss = 0.028401.
epoch 1040, train_loss = 0.028423.
[1040/2000] Valid Result: ndcg@20 = 0.042402, recall@20 = 0.086603, pre@20 = 0.008885, mrr@20 = 0.041595, map@20 = 0.039918.
######## new best ############
===== Test Result(at 1040 epoch) =====
ndcg@20 = 0.047617, recall@20 = 0.088341, pre@20 = 0.013012, mrr@20 = 0.057351, map@20 = 0.053278.
epoch 1041, train_loss = 0.028315.
epoch 1042, train_loss = 0.028491.
epoch 1043, train_loss = 0.028348.
epoch 1044, train_loss = 0.028376.
epoch 1045, train_loss = 0.028357.
epoch 1046, train_loss = 0.028308.
epoch 1047, train_loss = 0.028452.
epoch 1048, train_loss = 0.028598.
epoch 1049, train_loss = 0.028410.
epoch 1050, train_loss = 0.028328.
[1050/2000] Valid Result: ndcg@20 = 0.042489, recall@20 = 0.087116, pre@20 = 0.008921, mrr@20 = 0.041571, map@20 = 0.039960.
######## new best ############
===== Test Result(at 1050 epoch) =====
ndcg@20 = 0.047664, recall@20 = 0.088312, pre@20 = 0.013020, mrr@20 = 0.057532, map@20 = 0.053428.
epoch 1051, train_loss = 0.028376.
epoch 1052, train_loss = 0.028479.
epoch 1053, train_loss = 0.028447.
epoch 1054, train_loss = 0.028157.
epoch 1055, train_loss = 0.028240.
epoch 1056, train_loss = 0.028417.
epoch 1057, train_loss = 0.028504.
epoch 1058, train_loss = 0.028442.
epoch 1059, train_loss = 0.028397.
epoch 1060, train_loss = 0.028501.
[1060/2000] Valid Result: ndcg@20 = 0.042316, recall@20 = 0.086809, pre@20 = 0.008932, mrr@20 = 0.041340, map@20 = 0.039689.
epoch 1061, train_loss = 0.028435.
epoch 1062, train_loss = 0.028370.
epoch 1063, train_loss = 0.028385.
epoch 1064, train_loss = 0.028329.
epoch 1065, train_loss = 0.028439.
epoch 1066, train_loss = 0.028468.
epoch 1067, train_loss = 0.028258.
epoch 1068, train_loss = 0.028431.
epoch 1069, train_loss = 0.028461.
epoch 1070, train_loss = 0.028368.
[1070/2000] Valid Result: ndcg@20 = 0.042296, recall@20 = 0.086562, pre@20 = 0.008920, mrr@20 = 0.041352, map@20 = 0.039713.
epoch 1071, train_loss = 0.028247.
epoch 1072, train_loss = 0.028417.
epoch 1073, train_loss = 0.028249.
epoch 1074, train_loss = 0.028261.
epoch 1075, train_loss = 0.028345.
epoch 1076, train_loss = 0.028311.
epoch 1077, train_loss = 0.028211.
epoch 1078, train_loss = 0.028329.
epoch 1079, train_loss = 0.028152.
epoch 1080, train_loss = 0.028504.
[1080/2000] Valid Result: ndcg@20 = 0.042287, recall@20 = 0.086675, pre@20 = 0.008910, mrr@20 = 0.041248, map@20 = 0.039647.
epoch 1081, train_loss = 0.028337.
epoch 1082, train_loss = 0.028313.
epoch 1083, train_loss = 0.028200.
epoch 1084, train_loss = 0.028319.
epoch 1085, train_loss = 0.028323.
epoch 1086, train_loss = 0.028350.
epoch 1087, train_loss = 0.028441.
epoch 1088, train_loss = 0.028277.
epoch 1089, train_loss = 0.028373.
epoch 1090, train_loss = 0.028325.
[1090/2000] Valid Result: ndcg@20 = 0.042361, recall@20 = 0.086808, pre@20 = 0.008932, mrr@20 = 0.041332, map@20 = 0.039718.
epoch 1091, train_loss = 0.028369.
epoch 1092, train_loss = 0.028304.
epoch 1093, train_loss = 0.028350.
epoch 1094, train_loss = 0.028245.
epoch 1095, train_loss = 0.028346.
epoch 1096, train_loss = 0.028446.
epoch 1097, train_loss = 0.028213.
epoch 1098, train_loss = 0.028356.
epoch 1099, train_loss = 0.028315.
epoch 1100, train_loss = 0.028235.
[1100/2000] Valid Result: ndcg@20 = 0.042392, recall@20 = 0.086746, pre@20 = 0.008922, mrr@20 = 0.041301, map@20 = 0.039703.
epoch 1101, train_loss = 0.028188.
epoch 1102, train_loss = 0.028297.
epoch 1103, train_loss = 0.028318.
epoch 1104, train_loss = 0.028330.
epoch 1105, train_loss = 0.028342.
epoch 1106, train_loss = 0.028164.
epoch 1107, train_loss = 0.028400.
epoch 1108, train_loss = 0.028367.
epoch 1109, train_loss = 0.028385.
epoch 1110, train_loss = 0.028357.
[1110/2000] Valid Result: ndcg@20 = 0.042479, recall@20 = 0.086950, pre@20 = 0.008936, mrr@20 = 0.041447, map@20 = 0.039794.
epoch 1111, train_loss = 0.028228.
epoch 1112, train_loss = 0.028361.
epoch 1113, train_loss = 0.028314.
epoch 1114, train_loss = 0.028296.
epoch 1115, train_loss = 0.028329.
epoch 1116, train_loss = 0.028299.
epoch 1117, train_loss = 0.028356.
epoch 1118, train_loss = 0.028182.
epoch 1119, train_loss = 0.028295.
epoch 1120, train_loss = 0.028217.
[1120/2000] Valid Result: ndcg@20 = 0.042584, recall@20 = 0.087059, pre@20 = 0.008950, mrr@20 = 0.041687, map@20 = 0.039984.
######## new best ############
===== Test Result(at 1120 epoch) =====
ndcg@20 = 0.047654, recall@20 = 0.088222, pre@20 = 0.013026, mrr@20 = 0.057516, map@20 = 0.053359.
epoch 1121, train_loss = 0.028300.
epoch 1122, train_loss = 0.028313.
epoch 1123, train_loss = 0.028303.
epoch 1124, train_loss = 0.028315.
epoch 1125, train_loss = 0.028220.
epoch 1126, train_loss = 0.028267.
epoch 1127, train_loss = 0.028227.
epoch 1128, train_loss = 0.028340.
epoch 1129, train_loss = 0.028361.
epoch 1130, train_loss = 0.028317.
[1130/2000] Valid Result: ndcg@20 = 0.042603, recall@20 = 0.086818, pre@20 = 0.008909, mrr@20 = 0.041769, map@20 = 0.040085.
######## new best ############
===== Test Result(at 1130 epoch) =====
ndcg@20 = 0.047629, recall@20 = 0.088321, pre@20 = 0.013033, mrr@20 = 0.057461, map@20 = 0.053383.
epoch 1131, train_loss = 0.028278.
epoch 1132, train_loss = 0.028255.
epoch 1133, train_loss = 0.028317.
epoch 1134, train_loss = 0.028335.
epoch 1135, train_loss = 0.028147.
epoch 1136, train_loss = 0.028252.
epoch 1137, train_loss = 0.028261.
epoch 1138, train_loss = 0.028309.
epoch 1139, train_loss = 0.028408.
epoch 1140, train_loss = 0.028237.
[1140/2000] Valid Result: ndcg@20 = 0.042701, recall@20 = 0.087186, pre@20 = 0.008936, mrr@20 = 0.041834, map@20 = 0.040198.
######## new best ############
===== Test Result(at 1140 epoch) =====
ndcg@20 = 0.047691, recall@20 = 0.088136, pre@20 = 0.013026, mrr@20 = 0.057657, map@20 = 0.053507.
epoch 1141, train_loss = 0.028204.
epoch 1142, train_loss = 0.028354.
epoch 1143, train_loss = 0.028370.
epoch 1144, train_loss = 0.028162.
epoch 1145, train_loss = 0.028335.
epoch 1146, train_loss = 0.028281.
epoch 1147, train_loss = 0.028151.
epoch 1148, train_loss = 0.028348.
epoch 1149, train_loss = 0.028300.
epoch 1150, train_loss = 0.028250.
[1150/2000] Valid Result: ndcg@20 = 0.042748, recall@20 = 0.087117, pre@20 = 0.008956, mrr@20 = 0.041989, map@20 = 0.040380.
######## new best ############
===== Test Result(at 1150 epoch) =====
ndcg@20 = 0.047711, recall@20 = 0.088391, pre@20 = 0.013044, mrr@20 = 0.057660, map@20 = 0.053520.
epoch 1151, train_loss = 0.028287.
epoch 1152, train_loss = 0.028402.
epoch 1153, train_loss = 0.028278.
epoch 1154, train_loss = 0.028286.
epoch 1155, train_loss = 0.028225.
epoch 1156, train_loss = 0.028159.
epoch 1157, train_loss = 0.028268.
epoch 1158, train_loss = 0.028235.
epoch 1159, train_loss = 0.028128.
epoch 1160, train_loss = 0.028268.
[1160/2000] Valid Result: ndcg@20 = 0.042865, recall@20 = 0.087286, pre@20 = 0.008983, mrr@20 = 0.042113, map@20 = 0.040527.
######## new best ############
===== Test Result(at 1160 epoch) =====
ndcg@20 = 0.047766, recall@20 = 0.088559, pre@20 = 0.013058, mrr@20 = 0.057673, map@20 = 0.053577.
epoch 1161, train_loss = 0.028160.
epoch 1162, train_loss = 0.028216.
epoch 1163, train_loss = 0.028223.
epoch 1164, train_loss = 0.028254.
epoch 1165, train_loss = 0.028293.
epoch 1166, train_loss = 0.028276.
epoch 1167, train_loss = 0.028112.
epoch 1168, train_loss = 0.028291.
epoch 1169, train_loss = 0.028235.
epoch 1170, train_loss = 0.028214.
[1170/2000] Valid Result: ndcg@20 = 0.042804, recall@20 = 0.087688, pre@20 = 0.008999, mrr@20 = 0.041819, map@20 = 0.040231.
epoch 1171, train_loss = 0.028114.
epoch 1172, train_loss = 0.028310.
epoch 1173, train_loss = 0.028178.
epoch 1174, train_loss = 0.028182.
epoch 1175, train_loss = 0.028282.
epoch 1176, train_loss = 0.028235.
epoch 1177, train_loss = 0.028264.
epoch 1178, train_loss = 0.028198.
epoch 1179, train_loss = 0.028137.
epoch 1180, train_loss = 0.028317.
[1180/2000] Valid Result: ndcg@20 = 0.042494, recall@20 = 0.086625, pre@20 = 0.008942, mrr@20 = 0.041625, map@20 = 0.039965.
epoch 1181, train_loss = 0.028385.
epoch 1182, train_loss = 0.028300.
epoch 1183, train_loss = 0.028265.
epoch 1184, train_loss = 0.028237.
epoch 1185, train_loss = 0.028158.
epoch 1186, train_loss = 0.028127.
epoch 1187, train_loss = 0.028138.
epoch 1188, train_loss = 0.028173.
epoch 1189, train_loss = 0.028238.
epoch 1190, train_loss = 0.028231.
[1190/2000] Valid Result: ndcg@20 = 0.042501, recall@20 = 0.086772, pre@20 = 0.008961, mrr@20 = 0.041558, map@20 = 0.039824.
epoch 1191, train_loss = 0.028325.
epoch 1192, train_loss = 0.028225.
epoch 1193, train_loss = 0.028467.
epoch 1194, train_loss = 0.028199.
epoch 1195, train_loss = 0.028317.
epoch 1196, train_loss = 0.028204.
epoch 1197, train_loss = 0.028300.
epoch 1198, train_loss = 0.028253.
epoch 1199, train_loss = 0.028271.
epoch 1200, train_loss = 0.028266.
[1200/2000] Valid Result: ndcg@20 = 0.042855, recall@20 = 0.087332, pre@20 = 0.008989, mrr@20 = 0.042076, map@20 = 0.040256.
epoch 1201, train_loss = 0.028347.
epoch 1202, train_loss = 0.028243.
epoch 1203, train_loss = 0.028276.
epoch 1204, train_loss = 0.028172.
epoch 1205, train_loss = 0.028255.
epoch 1206, train_loss = 0.028118.
epoch 1207, train_loss = 0.028220.
epoch 1208, train_loss = 0.028209.
epoch 1209, train_loss = 0.028240.
epoch 1210, train_loss = 0.028202.
[1210/2000] Valid Result: ndcg@20 = 0.042680, recall@20 = 0.086769, pre@20 = 0.008947, mrr@20 = 0.041970, map@20 = 0.040221.
epoch 1211, train_loss = 0.028268.
epoch 1212, train_loss = 0.028159.
epoch 1213, train_loss = 0.028184.
epoch 1214, train_loss = 0.028268.
epoch 1215, train_loss = 0.028419.
epoch 1216, train_loss = 0.028131.
epoch 1217, train_loss = 0.028104.
epoch 1218, train_loss = 0.028336.
epoch 1219, train_loss = 0.028193.
epoch 1220, train_loss = 0.028232.
[1220/2000] Valid Result: ndcg@20 = 0.042591, recall@20 = 0.086884, pre@20 = 0.008945, mrr@20 = 0.041656, map@20 = 0.039948.
epoch 1221, train_loss = 0.028201.
epoch 1222, train_loss = 0.028202.
epoch 1223, train_loss = 0.028171.
epoch 1224, train_loss = 0.028180.
epoch 1225, train_loss = 0.028130.
epoch 1226, train_loss = 0.028200.
epoch 1227, train_loss = 0.028118.
epoch 1228, train_loss = 0.028188.
epoch 1229, train_loss = 0.028181.
epoch 1230, train_loss = 0.028313.
[1230/2000] Valid Result: ndcg@20 = 0.042528, recall@20 = 0.086790, pre@20 = 0.008962, mrr@20 = 0.041695, map@20 = 0.040013.
epoch 1231, train_loss = 0.028241.
epoch 1232, train_loss = 0.028254.
epoch 1233, train_loss = 0.028177.
epoch 1234, train_loss = 0.028152.
epoch 1235, train_loss = 0.028116.
epoch 1236, train_loss = 0.028379.
epoch 1237, train_loss = 0.028279.
epoch 1238, train_loss = 0.028187.
epoch 1239, train_loss = 0.028255.
epoch 1240, train_loss = 0.028228.
[1240/2000] Valid Result: ndcg@20 = 0.042513, recall@20 = 0.086577, pre@20 = 0.008941, mrr@20 = 0.041745, map@20 = 0.040067.
epoch 1241, train_loss = 0.028270.
epoch 1242, train_loss = 0.028219.
epoch 1243, train_loss = 0.028141.
epoch 1244, train_loss = 0.028335.
epoch 1245, train_loss = 0.028338.
epoch 1246, train_loss = 0.028127.
epoch 1247, train_loss = 0.028209.
epoch 1248, train_loss = 0.028209.
epoch 1249, train_loss = 0.028176.
epoch 1250, train_loss = 0.028190.
[1250/2000] Valid Result: ndcg@20 = 0.042596, recall@20 = 0.086922, pre@20 = 0.008952, mrr@20 = 0.041798, map@20 = 0.040142.
epoch 1251, train_loss = 0.028201.
epoch 1252, train_loss = 0.028104.
epoch 1253, train_loss = 0.028225.
epoch 1254, train_loss = 0.028241.
epoch 1255, train_loss = 0.028393.
epoch 1256, train_loss = 0.028111.
epoch 1257, train_loss = 0.028212.
epoch 1258, train_loss = 0.028369.
epoch 1259, train_loss = 0.028138.
epoch 1260, train_loss = 0.028094.
[1260/2000] Valid Result: ndcg@20 = 0.042806, recall@20 = 0.087461, pre@20 = 0.008995, mrr@20 = 0.041988, map@20 = 0.040335.
epoch 1261, train_loss = 0.028199.
epoch 1262, train_loss = 0.028150.
epoch 1263, train_loss = 0.028172.
epoch 1264, train_loss = 0.028262.
epoch 1265, train_loss = 0.028263.
epoch 1266, train_loss = 0.028190.
epoch 1267, train_loss = 0.028234.
epoch 1268, train_loss = 0.028249.
epoch 1269, train_loss = 0.028085.
epoch 1270, train_loss = 0.028123.
[1270/2000] Valid Result: ndcg@20 = 0.042707, recall@20 = 0.087096, pre@20 = 0.008966, mrr@20 = 0.041902, map@20 = 0.040183.
epoch 1271, train_loss = 0.028218.
epoch 1272, train_loss = 0.028086.
epoch 1273, train_loss = 0.028236.
epoch 1274, train_loss = 0.028163.
epoch 1275, train_loss = 0.028103.
epoch 1276, train_loss = 0.028082.
epoch 1277, train_loss = 0.028349.
epoch 1278, train_loss = 0.028180.
epoch 1279, train_loss = 0.028230.
epoch 1280, train_loss = 0.028207.
[1280/2000] Valid Result: ndcg@20 = 0.042814, recall@20 = 0.087514, pre@20 = 0.009000, mrr@20 = 0.041896, map@20 = 0.040255.
epoch 1281, train_loss = 0.028156.
epoch 1282, train_loss = 0.028121.
epoch 1283, train_loss = 0.028118.
epoch 1284, train_loss = 0.028219.
epoch 1285, train_loss = 0.028116.
epoch 1286, train_loss = 0.028180.
epoch 1287, train_loss = 0.028250.
epoch 1288, train_loss = 0.028084.
epoch 1289, train_loss = 0.028176.
epoch 1290, train_loss = 0.028084.
[1290/2000] Valid Result: ndcg@20 = 0.042556, recall@20 = 0.086961, pre@20 = 0.008967, mrr@20 = 0.041610, map@20 = 0.040026.
epoch 1291, train_loss = 0.028085.
epoch 1292, train_loss = 0.028087.
epoch 1293, train_loss = 0.028073.
epoch 1294, train_loss = 0.028205.
epoch 1295, train_loss = 0.028154.
epoch 1296, train_loss = 0.028134.
epoch 1297, train_loss = 0.028106.
epoch 1298, train_loss = 0.028278.
epoch 1299, train_loss = 0.028314.
epoch 1300, train_loss = 0.028289.
[1300/2000] Valid Result: ndcg@20 = 0.042585, recall@20 = 0.087105, pre@20 = 0.008969, mrr@20 = 0.041585, map@20 = 0.040006.
epoch 1301, train_loss = 0.028223.
epoch 1302, train_loss = 0.028088.
epoch 1303, train_loss = 0.028079.
epoch 1304, train_loss = 0.028235.
epoch 1305, train_loss = 0.028124.
epoch 1306, train_loss = 0.028090.
epoch 1307, train_loss = 0.028142.
epoch 1308, train_loss = 0.028021.
epoch 1309, train_loss = 0.028158.
epoch 1310, train_loss = 0.028177.
[1310/2000] Valid Result: ndcg@20 = 0.042577, recall@20 = 0.087347, pre@20 = 0.008967, mrr@20 = 0.041545, map@20 = 0.039923.
epoch 1311, train_loss = 0.028194.
epoch 1312, train_loss = 0.028037.
epoch 1313, train_loss = 0.028235.
epoch 1314, train_loss = 0.028368.
epoch 1315, train_loss = 0.028170.
epoch 1316, train_loss = 0.028333.
epoch 1317, train_loss = 0.028104.
epoch 1318, train_loss = 0.028269.
epoch 1319, train_loss = 0.028193.
epoch 1320, train_loss = 0.028166.
[1320/2000] Valid Result: ndcg@20 = 0.042719, recall@20 = 0.087184, pre@20 = 0.008975, mrr@20 = 0.041923, map@20 = 0.040223.
epoch 1321, train_loss = 0.028193.
epoch 1322, train_loss = 0.028125.
epoch 1323, train_loss = 0.028128.
epoch 1324, train_loss = 0.028233.
epoch 1325, train_loss = 0.028274.
epoch 1326, train_loss = 0.028201.
epoch 1327, train_loss = 0.028195.
epoch 1328, train_loss = 0.028248.
epoch 1329, train_loss = 0.028139.
epoch 1330, train_loss = 0.028224.
[1330/2000] Valid Result: ndcg@20 = 0.042758, recall@20 = 0.087150, pre@20 = 0.008952, mrr@20 = 0.041951, map@20 = 0.040247.
epoch 1331, train_loss = 0.028314.
epoch 1332, train_loss = 0.028122.
epoch 1333, train_loss = 0.028118.
epoch 1334, train_loss = 0.028120.
epoch 1335, train_loss = 0.028160.
epoch 1336, train_loss = 0.028178.
epoch 1337, train_loss = 0.028079.
epoch 1338, train_loss = 0.028051.
epoch 1339, train_loss = 0.028099.
epoch 1340, train_loss = 0.028254.
[1340/2000] Valid Result: ndcg@20 = 0.042711, recall@20 = 0.087325, pre@20 = 0.008952, mrr@20 = 0.041792, map@20 = 0.040051.
epoch 1341, train_loss = 0.028196.
epoch 1342, train_loss = 0.028094.
epoch 1343, train_loss = 0.028227.
epoch 1344, train_loss = 0.028156.
epoch 1345, train_loss = 0.028268.
epoch 1346, train_loss = 0.027987.
epoch 1347, train_loss = 0.028199.
epoch 1348, train_loss = 0.028148.
epoch 1349, train_loss = 0.028281.
epoch 1350, train_loss = 0.028111.
[1350/2000] Valid Result: ndcg@20 = 0.042639, recall@20 = 0.087318, pre@20 = 0.008951, mrr@20 = 0.041718, map@20 = 0.040038.
epoch 1351, train_loss = 0.028288.
epoch 1352, train_loss = 0.028204.
epoch 1353, train_loss = 0.028179.
epoch 1354, train_loss = 0.028094.
epoch 1355, train_loss = 0.028215.
epoch 1356, train_loss = 0.028130.
epoch 1357, train_loss = 0.028176.
epoch 1358, train_loss = 0.028016.
epoch 1359, train_loss = 0.028105.
epoch 1360, train_loss = 0.028142.
[1360/2000] Valid Result: ndcg@20 = 0.042743, recall@20 = 0.087441, pre@20 = 0.008983, mrr@20 = 0.041785, map@20 = 0.040140.
---------------------------
done.
===== Test Result(at 1160 epoch) =====
ndcg@20 = 0.047766, recall@20 = 0.088559, pre@20 = 0.013058, mrr@20 = 0.057673, map@20 = 0.053577.
